{"name":"hexo","hostname":"localhost","pid":51116,"level":20,"msg":"Hexo version: \u001b[35m3.2.2\u001b[39m","time":"2016-09-13T15:54:24.610Z","v":0}
{"name":"hexo","hostname":"localhost","pid":51116,"level":20,"msg":"Working directory: \u001b[35m~/workspace/blog/\u001b[39m","time":"2016-09-13T15:54:24.613Z","v":0}
{"name":"hexo","hostname":"localhost","pid":51116,"level":20,"msg":"Config loaded: \u001b[35m~/workspace/blog/_config.yml\u001b[39m","time":"2016-09-13T15:54:24.739Z","v":0}
{"name":"hexo","hostname":"localhost","pid":51116,"level":20,"msg":"Script loaded: \u001b[35mthemes/next/scripts/merge-configs.js\u001b[39m","time":"2016-09-13T15:54:24.754Z","v":0}
{"name":"hexo","hostname":"localhost","pid":51116,"level":20,"msg":"Script loaded: \u001b[35mthemes/next/scripts/tags/center-quote.js\u001b[39m","time":"2016-09-13T15:54:24.754Z","v":0}
{"name":"hexo","hostname":"localhost","pid":51116,"level":20,"msg":"Script loaded: \u001b[35mthemes/next/scripts/tags/group-pictures.js\u001b[39m","time":"2016-09-13T15:54:24.755Z","v":0}
{"name":"hexo","hostname":"localhost","pid":51116,"level":20,"msg":"Script loaded: \u001b[35mthemes/next/scripts/tags/full-image.js\u001b[39m","time":"2016-09-13T15:54:24.756Z","v":0}
{"name":"hexo","hostname":"localhost","pid":51116,"level":20,"msg":"Plugin loaded: \u001b[35mhexo-deployer-git\u001b[39m","time":"2016-09-13T15:54:24.758Z","v":0}
{"name":"hexo","hostname":"localhost","pid":51116,"level":20,"msg":"Plugin loaded: \u001b[35mhexo-generator-archive\u001b[39m","time":"2016-09-13T15:54:24.762Z","v":0}
{"name":"hexo","hostname":"localhost","pid":51116,"level":20,"msg":"Plugin loaded: \u001b[35mhexo-generator-index\u001b[39m","time":"2016-09-13T15:54:24.764Z","v":0}
{"name":"hexo","hostname":"localhost","pid":51116,"level":20,"msg":"Plugin loaded: \u001b[35mhexo-generator-category\u001b[39m","time":"2016-09-13T15:54:24.767Z","v":0}
{"name":"hexo","hostname":"localhost","pid":51116,"level":20,"msg":"Plugin loaded: \u001b[35mhexo-generator-tag\u001b[39m","time":"2016-09-13T15:54:24.769Z","v":0}
{"name":"hexo","hostname":"localhost","pid":51116,"level":20,"msg":"Plugin loaded: \u001b[35mhexo-generator-json-content\u001b[39m","time":"2016-09-13T15:54:24.807Z","v":0}
{"name":"hexo","hostname":"localhost","pid":51116,"level":20,"msg":"Plugin loaded: \u001b[35mhexo-renderer-ejs\u001b[39m","time":"2016-09-13T15:54:24.811Z","v":0}
{"name":"hexo","hostname":"localhost","pid":51116,"level":20,"msg":"Plugin loaded: \u001b[35mhexo-renderer-marked\u001b[39m","time":"2016-09-13T15:54:24.817Z","v":0}
{"name":"hexo","hostname":"localhost","pid":51116,"level":20,"msg":"Plugin loaded: \u001b[35mhexo-renderer-stylus\u001b[39m","time":"2016-09-13T15:54:24.818Z","v":0}
{"name":"hexo","hostname":"localhost","pid":51116,"level":20,"msg":"Plugin loaded: \u001b[35mhexo-server\u001b[39m","time":"2016-09-13T15:54:24.891Z","v":0}
{"name":"hexo","hostname":"localhost","pid":51116,"level":20,"msg":"Loading database.","time":"2016-09-13T15:54:24.900Z","v":0}
{"name":"hexo","hostname":"localhost","pid":51116,"level":30,"msg":"Start processing","time":"2016-09-13T15:54:24.971Z","v":0}
{"name":"hexo","hostname":"localhost","pid":51116,"level":20,"msg":"Processed: \u001b[35m_posts/markdown-syntax3.md\u001b[39m","time":"2016-09-13T15:54:25.087Z","v":0}
{"name":"hexo","hostname":"localhost","pid":51116,"level":20,"msg":"Processed: \u001b[35m_posts/hello-world.md\u001b[39m","time":"2016-09-13T15:54:25.087Z","v":0}
{"name":"hexo","hostname":"localhost","pid":51116,"level":20,"msg":"Processed: \u001b[35m_posts/markdown-syntax.md\u001b[39m","time":"2016-09-13T15:54:25.087Z","v":0}
{"name":"hexo","hostname":"localhost","pid":51116,"level":20,"msg":"Processed: \u001b[35m_posts/markdown-syntax2.md\u001b[39m","time":"2016-09-13T15:54:25.087Z","v":0}
{"name":"hexo","hostname":"localhost","pid":51116,"level":20,"msg":"Theme config loaded.","time":"2016-09-13T15:54:25.124Z","v":0}
{"name":"hexo","hostname":"localhost","pid":51116,"level":20,"msg":"Processed: \u001b[35m_config.yml\u001b[39m","time":"2016-09-13T15:54:25.124Z","v":0}
{"name":"hexo","hostname":"localhost","pid":51116,"level":20,"msg":"Processed: \u001b[35msource/css/main.styl\u001b[39m","time":"2016-09-13T15:54:25.133Z","v":0}
{"name":"hexo","hostname":"localhost","pid":51116,"level":20,"msg":"Processed: \u001b[35msource/images/avatar.gif\u001b[39m","time":"2016-09-13T15:54:25.133Z","v":0}
{"name":"hexo","hostname":"localhost","pid":51116,"level":20,"msg":"Processed: \u001b[35msource/images/cc-by-nc-nd.svg\u001b[39m","time":"2016-09-13T15:54:25.133Z","v":0}
{"name":"hexo","hostname":"localhost","pid":51116,"level":20,"msg":"Processed: \u001b[35msource/images/cc-by-nc-sa.svg\u001b[39m","time":"2016-09-13T15:54:25.133Z","v":0}
{"name":"hexo","hostname":"localhost","pid":51116,"level":20,"msg":"Processed: \u001b[35msource/images/cc-by-nc.svg\u001b[39m","time":"2016-09-13T15:54:25.134Z","v":0}
{"name":"hexo","hostname":"localhost","pid":51116,"level":20,"msg":"Processed: \u001b[35msource/images/cc-by-nd.svg\u001b[39m","time":"2016-09-13T15:54:25.134Z","v":0}
{"name":"hexo","hostname":"localhost","pid":51116,"level":20,"msg":"Processed: \u001b[35msource/images/cc-by.svg\u001b[39m","time":"2016-09-13T15:54:25.134Z","v":0}
{"name":"hexo","hostname":"localhost","pid":51116,"level":20,"msg":"Processed: \u001b[35msource/images/cc-by-sa.svg\u001b[39m","time":"2016-09-13T15:54:25.135Z","v":0}
{"name":"hexo","hostname":"localhost","pid":51116,"level":20,"msg":"Processed: \u001b[35msource/images/cc-zero.svg\u001b[39m","time":"2016-09-13T15:54:25.135Z","v":0}
{"name":"hexo","hostname":"localhost","pid":51116,"level":20,"msg":"Processed: \u001b[35msource/images/loading.gif\u001b[39m","time":"2016-09-13T15:54:25.135Z","v":0}
{"name":"hexo","hostname":"localhost","pid":51116,"level":20,"msg":"Processed: \u001b[35msource/images/placeholder.gif\u001b[39m","time":"2016-09-13T15:54:25.136Z","v":0}
{"name":"hexo","hostname":"localhost","pid":51116,"level":20,"msg":"Processed: \u001b[35msource/images/quote-l.svg\u001b[39m","time":"2016-09-13T15:54:25.136Z","v":0}
{"name":"hexo","hostname":"localhost","pid":51116,"level":20,"msg":"Processed: \u001b[35msource/images/quote-r.svg\u001b[39m","time":"2016-09-13T15:54:25.136Z","v":0}
{"name":"hexo","hostname":"localhost","pid":51116,"level":20,"msg":"Processed: \u001b[35msource/images/searchicon.png\u001b[39m","time":"2016-09-13T15:54:25.136Z","v":0}
{"name":"hexo","hostname":"localhost","pid":51116,"level":20,"msg":"Processed: \u001b[35mlayout/_layout.swig\u001b[39m","time":"2016-09-13T15:54:25.276Z","v":0}
{"name":"hexo","hostname":"localhost","pid":51116,"level":20,"msg":"Processed: \u001b[35mlayout/archive.swig\u001b[39m","time":"2016-09-13T15:54:25.276Z","v":0}
{"name":"hexo","hostname":"localhost","pid":51116,"level":20,"msg":"Processed: \u001b[35mlayout/index.swig\u001b[39m","time":"2016-09-13T15:54:25.277Z","v":0}
{"name":"hexo","hostname":"localhost","pid":51116,"level":20,"msg":"Processed: \u001b[35mlayout/page.swig\u001b[39m","time":"2016-09-13T15:54:25.277Z","v":0}
{"name":"hexo","hostname":"localhost","pid":51116,"level":20,"msg":"Processed: \u001b[35mlayout/category.swig\u001b[39m","time":"2016-09-13T15:54:25.277Z","v":0}
{"name":"hexo","hostname":"localhost","pid":51116,"level":20,"msg":"Processed: \u001b[35mlayout/tag.swig\u001b[39m","time":"2016-09-13T15:54:25.277Z","v":0}
{"name":"hexo","hostname":"localhost","pid":51116,"level":20,"msg":"Processed: \u001b[35mlayout/post.swig\u001b[39m","time":"2016-09-13T15:54:25.277Z","v":0}
{"name":"hexo","hostname":"localhost","pid":51116,"level":20,"msg":"Processed: \u001b[35mlanguages/de.yml\u001b[39m","time":"2016-09-13T15:54:25.279Z","v":0}
{"name":"hexo","hostname":"localhost","pid":51116,"level":20,"msg":"Processed: \u001b[35mlanguages/default.yml\u001b[39m","time":"2016-09-13T15:54:25.279Z","v":0}
{"name":"hexo","hostname":"localhost","pid":51116,"level":20,"msg":"Processed: \u001b[35mlanguages/en.yml\u001b[39m","time":"2016-09-13T15:54:25.279Z","v":0}
{"name":"hexo","hostname":"localhost","pid":51116,"level":20,"msg":"Processed: \u001b[35mlanguages/fr-FR.yml\u001b[39m","time":"2016-09-13T15:54:25.279Z","v":0}
{"name":"hexo","hostname":"localhost","pid":51116,"level":20,"msg":"Processed: \u001b[35mlanguages/id.yml\u001b[39m","time":"2016-09-13T15:54:25.279Z","v":0}
{"name":"hexo","hostname":"localhost","pid":51116,"level":20,"msg":"Processed: \u001b[35mlanguages/ja.yml\u001b[39m","time":"2016-09-13T15:54:25.279Z","v":0}
{"name":"hexo","hostname":"localhost","pid":51116,"level":20,"msg":"Processed: \u001b[35mlanguages/pt-BR.yml\u001b[39m","time":"2016-09-13T15:54:25.279Z","v":0}
{"name":"hexo","hostname":"localhost","pid":51116,"level":20,"msg":"Processed: \u001b[35mlanguages/ko.yml\u001b[39m","time":"2016-09-13T15:54:25.279Z","v":0}
{"name":"hexo","hostname":"localhost","pid":51116,"level":20,"msg":"Processed: \u001b[35mlanguages/pt.yml\u001b[39m","time":"2016-09-13T15:54:25.280Z","v":0}
{"name":"hexo","hostname":"localhost","pid":51116,"level":20,"msg":"Processed: \u001b[35mlanguages/ru.yml\u001b[39m","time":"2016-09-13T15:54:25.280Z","v":0}
{"name":"hexo","hostname":"localhost","pid":51116,"level":20,"msg":"Processed: \u001b[35mlanguages/zh-Hans.yml\u001b[39m","time":"2016-09-13T15:54:25.280Z","v":0}
{"name":"hexo","hostname":"localhost","pid":51116,"level":20,"msg":"Processed: \u001b[35mlanguages/zh-hk.yml\u001b[39m","time":"2016-09-13T15:54:25.280Z","v":0}
{"name":"hexo","hostname":"localhost","pid":51116,"level":20,"msg":"Processed: \u001b[35mlanguages/zh-tw.yml\u001b[39m","time":"2016-09-13T15:54:25.280Z","v":0}
{"name":"hexo","hostname":"localhost","pid":51116,"level":20,"msg":"Processed: \u001b[35msource/js/src/affix.js\u001b[39m","time":"2016-09-13T15:54:25.285Z","v":0}
{"name":"hexo","hostname":"localhost","pid":51116,"level":20,"msg":"Processed: \u001b[35msource/js/src/hook-duoshuo.js\u001b[39m","time":"2016-09-13T15:54:25.285Z","v":0}
{"name":"hexo","hostname":"localhost","pid":51116,"level":20,"msg":"Processed: \u001b[35msource/js/src/bootstrap.js\u001b[39m","time":"2016-09-13T15:54:25.285Z","v":0}
{"name":"hexo","hostname":"localhost","pid":51116,"level":20,"msg":"Processed: \u001b[35msource/js/src/motion.js\u001b[39m","time":"2016-09-13T15:54:25.286Z","v":0}
{"name":"hexo","hostname":"localhost","pid":51116,"level":20,"msg":"Processed: \u001b[35msource/js/src/post-details.js\u001b[39m","time":"2016-09-13T15:54:25.287Z","v":0}
{"name":"hexo","hostname":"localhost","pid":51116,"level":20,"msg":"Processed: \u001b[35msource/js/src/scrollspy.js\u001b[39m","time":"2016-09-13T15:54:25.287Z","v":0}
{"name":"hexo","hostname":"localhost","pid":51116,"level":20,"msg":"Processed: \u001b[35msource/js/src/utils.js\u001b[39m","time":"2016-09-13T15:54:25.289Z","v":0}
{"name":"hexo","hostname":"localhost","pid":51116,"level":20,"msg":"Processed: \u001b[35msource/vendors/fastclick/LICENSE\u001b[39m","time":"2016-09-13T15:54:25.290Z","v":0}
{"name":"hexo","hostname":"localhost","pid":51116,"level":20,"msg":"Processed: \u001b[35msource/vendors/fastclick/README.md\u001b[39m","time":"2016-09-13T15:54:25.291Z","v":0}
{"name":"hexo","hostname":"localhost","pid":51116,"level":20,"msg":"Processed: \u001b[35msource/vendors/fastclick/bower.json\u001b[39m","time":"2016-09-13T15:54:25.291Z","v":0}
{"name":"hexo","hostname":"localhost","pid":51116,"level":20,"msg":"Processed: \u001b[35msource/vendors/font-awesome/HELP-US-OUT.txt\u001b[39m","time":"2016-09-13T15:54:25.291Z","v":0}
{"name":"hexo","hostname":"localhost","pid":51116,"level":20,"msg":"Processed: \u001b[35msource/vendors/font-awesome/bower.json\u001b[39m","time":"2016-09-13T15:54:25.291Z","v":0}
{"name":"hexo","hostname":"localhost","pid":51116,"level":20,"msg":"Processed: \u001b[35msource/vendors/jquery_lazyload/CONTRIBUTING.md\u001b[39m","time":"2016-09-13T15:54:25.292Z","v":0}
{"name":"hexo","hostname":"localhost","pid":51116,"level":20,"msg":"Processed: \u001b[35msource/vendors/jquery_lazyload/README.md\u001b[39m","time":"2016-09-13T15:54:25.293Z","v":0}
{"name":"hexo","hostname":"localhost","pid":51116,"level":20,"msg":"Processed: \u001b[35msource/vendors/jquery_lazyload/bower.json\u001b[39m","time":"2016-09-13T15:54:25.293Z","v":0}
{"name":"hexo","hostname":"localhost","pid":51116,"level":20,"msg":"Processed: \u001b[35msource/vendors/jquery_lazyload/jquery.scrollstop.js\u001b[39m","time":"2016-09-13T15:54:25.293Z","v":0}
{"name":"hexo","hostname":"localhost","pid":51116,"level":20,"msg":"Processed: \u001b[35msource/vendors/jquery_lazyload/jquery.lazyload.js\u001b[39m","time":"2016-09-13T15:54:25.293Z","v":0}
{"name":"hexo","hostname":"localhost","pid":51116,"level":20,"msg":"Processed: \u001b[35msource/vendors/velocity/bower.json\u001b[39m","time":"2016-09-13T15:54:25.294Z","v":0}
{"name":"hexo","hostname":"localhost","pid":51116,"level":20,"msg":"Processed: \u001b[35msource/vendors/velocity/velocity.min.js\u001b[39m","time":"2016-09-13T15:54:25.294Z","v":0}
{"name":"hexo","hostname":"localhost","pid":51116,"level":20,"msg":"Processed: \u001b[35msource/vendors/velocity/velocity.ui.min.js\u001b[39m","time":"2016-09-13T15:54:25.294Z","v":0}
{"name":"hexo","hostname":"localhost","pid":51116,"level":20,"msg":"Processed: \u001b[35msource/vendors/velocity/velocity.ui.js\u001b[39m","time":"2016-09-13T15:54:25.294Z","v":0}
{"name":"hexo","hostname":"localhost","pid":51116,"level":20,"msg":"Processed: \u001b[35msource/vendors/jquery/index.js\u001b[39m","time":"2016-09-13T15:54:25.339Z","v":0}
{"name":"hexo","hostname":"localhost","pid":51116,"level":20,"msg":"Processed: \u001b[35mlayout/_macro/post-collapse.swig\u001b[39m","time":"2016-09-13T15:54:25.382Z","v":0}
{"name":"hexo","hostname":"localhost","pid":51116,"level":20,"msg":"Processed: \u001b[35mlayout/_macro/reward.swig\u001b[39m","time":"2016-09-13T15:54:25.382Z","v":0}
{"name":"hexo","hostname":"localhost","pid":51116,"level":20,"msg":"Processed: \u001b[35mlayout/_macro/post.swig\u001b[39m","time":"2016-09-13T15:54:25.382Z","v":0}
{"name":"hexo","hostname":"localhost","pid":51116,"level":20,"msg":"Processed: \u001b[35mlayout/_macro/sidebar.swig\u001b[39m","time":"2016-09-13T15:54:25.382Z","v":0}
{"name":"hexo","hostname":"localhost","pid":51116,"level":20,"msg":"Processed: \u001b[35mlayout/_macro/wechat-subscriber.swig\u001b[39m","time":"2016-09-13T15:54:25.382Z","v":0}
{"name":"hexo","hostname":"localhost","pid":51116,"level":20,"msg":"Processed: \u001b[35mlayout/_partials/comments.swig\u001b[39m","time":"2016-09-13T15:54:25.382Z","v":0}
{"name":"hexo","hostname":"localhost","pid":51116,"level":20,"msg":"Processed: \u001b[35mlayout/_partials/duoshuo-hot-articles.swig\u001b[39m","time":"2016-09-13T15:54:25.382Z","v":0}
{"name":"hexo","hostname":"localhost","pid":51116,"level":20,"msg":"Processed: \u001b[35mlayout/_partials/footer.swig\u001b[39m","time":"2016-09-13T15:54:25.382Z","v":0}
{"name":"hexo","hostname":"localhost","pid":51116,"level":20,"msg":"Processed: \u001b[35mlayout/_partials/head.swig\u001b[39m","time":"2016-09-13T15:54:25.383Z","v":0}
{"name":"hexo","hostname":"localhost","pid":51116,"level":20,"msg":"Processed: \u001b[35mlayout/_partials/header.swig\u001b[39m","time":"2016-09-13T15:54:25.383Z","v":0}
{"name":"hexo","hostname":"localhost","pid":51116,"level":20,"msg":"Processed: \u001b[35mlayout/_partials/pagination.swig\u001b[39m","time":"2016-09-13T15:54:25.383Z","v":0}
{"name":"hexo","hostname":"localhost","pid":51116,"level":20,"msg":"Processed: \u001b[35mlayout/_partials/search.swig\u001b[39m","time":"2016-09-13T15:54:25.383Z","v":0}
{"name":"hexo","hostname":"localhost","pid":51116,"level":20,"msg":"Processed: \u001b[35mlayout/_scripts/baidu-push.swig\u001b[39m","time":"2016-09-13T15:54:25.383Z","v":0}
{"name":"hexo","hostname":"localhost","pid":51116,"level":20,"msg":"Processed: \u001b[35mlayout/_scripts/boostrap.swig\u001b[39m","time":"2016-09-13T15:54:25.383Z","v":0}
{"name":"hexo","hostname":"localhost","pid":51116,"level":20,"msg":"Processed: \u001b[35mlayout/_scripts/commons.swig\u001b[39m","time":"2016-09-13T15:54:25.383Z","v":0}
{"name":"hexo","hostname":"localhost","pid":51116,"level":20,"msg":"Processed: \u001b[35mlayout/_scripts/vendors.swig\u001b[39m","time":"2016-09-13T15:54:25.383Z","v":0}
{"name":"hexo","hostname":"localhost","pid":51116,"level":20,"msg":"Processed: \u001b[35msource/js/src/schemes/pisces.js\u001b[39m","time":"2016-09-13T15:54:25.386Z","v":0}
{"name":"hexo","hostname":"localhost","pid":51116,"level":20,"msg":"Processed: \u001b[35msource/vendors/fancybox/source/blank.gif\u001b[39m","time":"2016-09-13T15:54:25.386Z","v":0}
{"name":"hexo","hostname":"localhost","pid":51116,"level":20,"msg":"Processed: \u001b[35msource/vendors/fancybox/source/fancybox_loading.gif\u001b[39m","time":"2016-09-13T15:54:25.387Z","v":0}
{"name":"hexo","hostname":"localhost","pid":51116,"level":20,"msg":"Processed: \u001b[35msource/vendors/fancybox/source/fancybox_overlay.png\u001b[39m","time":"2016-09-13T15:54:25.387Z","v":0}
{"name":"hexo","hostname":"localhost","pid":51116,"level":20,"msg":"Processed: \u001b[35msource/vendors/fancybox/source/fancybox_loading@2x.gif\u001b[39m","time":"2016-09-13T15:54:25.387Z","v":0}
{"name":"hexo","hostname":"localhost","pid":51116,"level":20,"msg":"Processed: \u001b[35msource/vendors/fancybox/source/fancybox_sprite.png\u001b[39m","time":"2016-09-13T15:54:25.387Z","v":0}
{"name":"hexo","hostname":"localhost","pid":51116,"level":20,"msg":"Processed: \u001b[35msource/vendors/fancybox/source/fancybox_sprite@2x.png\u001b[39m","time":"2016-09-13T15:54:25.388Z","v":0}
{"name":"hexo","hostname":"localhost","pid":51116,"level":20,"msg":"Processed: \u001b[35msource/vendors/fancybox/source/jquery.fancybox.css\u001b[39m","time":"2016-09-13T15:54:25.388Z","v":0}
{"name":"hexo","hostname":"localhost","pid":51116,"level":20,"msg":"Processed: \u001b[35msource/vendors/fancybox/source/jquery.fancybox.pack.js\u001b[39m","time":"2016-09-13T15:54:25.388Z","v":0}
{"name":"hexo","hostname":"localhost","pid":51116,"level":20,"msg":"Processed: \u001b[35msource/vendors/fancybox/source/jquery.fancybox.js\u001b[39m","time":"2016-09-13T15:54:25.388Z","v":0}
{"name":"hexo","hostname":"localhost","pid":51116,"level":20,"msg":"Processed: \u001b[35msource/vendors/fastclick/lib/fastclick.js\u001b[39m","time":"2016-09-13T15:54:25.388Z","v":0}
{"name":"hexo","hostname":"localhost","pid":51116,"level":20,"msg":"Processed: \u001b[35msource/vendors/fastclick/lib/fastclick.min.js\u001b[39m","time":"2016-09-13T15:54:25.388Z","v":0}
{"name":"hexo","hostname":"localhost","pid":51116,"level":20,"msg":"Processed: \u001b[35msource/vendors/font-awesome/css/font-awesome.css\u001b[39m","time":"2016-09-13T15:54:25.389Z","v":0}
{"name":"hexo","hostname":"localhost","pid":51116,"level":20,"msg":"Processed: \u001b[35msource/vendors/font-awesome/css/font-awesome.css.map\u001b[39m","time":"2016-09-13T15:54:25.389Z","v":0}
{"name":"hexo","hostname":"localhost","pid":51116,"level":20,"msg":"Processed: \u001b[35msource/vendors/font-awesome/css/font-awesome.min.css\u001b[39m","time":"2016-09-13T15:54:25.389Z","v":0}
{"name":"hexo","hostname":"localhost","pid":51116,"level":20,"msg":"Processed: \u001b[35msource/vendors/font-awesome/fonts/fontawesome-webfont.woff2\u001b[39m","time":"2016-09-13T15:54:25.389Z","v":0}
{"name":"hexo","hostname":"localhost","pid":51116,"level":20,"msg":"Processed: \u001b[35msource/vendors/ua-parser-js/dist/ua-parser.min.js\u001b[39m","time":"2016-09-13T15:54:25.389Z","v":0}
{"name":"hexo","hostname":"localhost","pid":51116,"level":20,"msg":"Processed: \u001b[35msource/vendors/ua-parser-js/dist/ua-parser.pack.js\u001b[39m","time":"2016-09-13T15:54:25.389Z","v":0}
{"name":"hexo","hostname":"localhost","pid":51116,"level":20,"msg":"Processed: \u001b[35mlayout/_scripts/schemes/mist.swig\u001b[39m","time":"2016-09-13T15:54:25.392Z","v":0}
{"name":"hexo","hostname":"localhost","pid":51116,"level":20,"msg":"Processed: \u001b[35mlayout/_scripts/schemes/muse.swig\u001b[39m","time":"2016-09-13T15:54:25.392Z","v":0}
{"name":"hexo","hostname":"localhost","pid":51116,"level":20,"msg":"Processed: \u001b[35msource/vendors/font-awesome/fonts/FontAwesome.otf\u001b[39m","time":"2016-09-13T15:54:25.392Z","v":0}
{"name":"hexo","hostname":"localhost","pid":51116,"level":20,"msg":"Processed: \u001b[35msource/vendors/font-awesome/fonts/fontawesome-webfont.eot\u001b[39m","time":"2016-09-13T15:54:25.392Z","v":0}
{"name":"hexo","hostname":"localhost","pid":51116,"level":20,"msg":"Processed: \u001b[35msource/vendors/font-awesome/fonts/fontawesome-webfont.woff\u001b[39m","time":"2016-09-13T15:54:25.393Z","v":0}
{"name":"hexo","hostname":"localhost","pid":51116,"level":20,"msg":"Processed: \u001b[35msource/vendors/velocity/velocity.js\u001b[39m","time":"2016-09-13T15:54:25.393Z","v":0}
{"name":"hexo","hostname":"localhost","pid":51116,"level":20,"msg":"Processed: \u001b[35mlayout/_partials/head/external-fonts.swig\u001b[39m","time":"2016-09-13T15:54:25.439Z","v":0}
{"name":"hexo","hostname":"localhost","pid":51116,"level":20,"msg":"Processed: \u001b[35mlayout/_partials/search/localsearch.swig\u001b[39m","time":"2016-09-13T15:54:25.439Z","v":0}
{"name":"hexo","hostname":"localhost","pid":51116,"level":20,"msg":"Processed: \u001b[35mlayout/_partials/search/swiftype.swig\u001b[39m","time":"2016-09-13T15:54:25.439Z","v":0}
{"name":"hexo","hostname":"localhost","pid":51116,"level":20,"msg":"Processed: \u001b[35mlayout/_partials/share/add-this.swig\u001b[39m","time":"2016-09-13T15:54:25.439Z","v":0}
{"name":"hexo","hostname":"localhost","pid":51116,"level":20,"msg":"Processed: \u001b[35mlayout/_partials/search/tinysou.swig\u001b[39m","time":"2016-09-13T15:54:25.439Z","v":0}
{"name":"hexo","hostname":"localhost","pid":51116,"level":20,"msg":"Processed: \u001b[35mlayout/_partials/share/baidushare.swig\u001b[39m","time":"2016-09-13T15:54:25.439Z","v":0}
{"name":"hexo","hostname":"localhost","pid":51116,"level":20,"msg":"Processed: \u001b[35mlayout/_partials/share/duoshuo_share.swig\u001b[39m","time":"2016-09-13T15:54:25.439Z","v":0}
{"name":"hexo","hostname":"localhost","pid":51116,"level":20,"msg":"Processed: \u001b[35mlayout/_partials/share/jiathis.swig\u001b[39m","time":"2016-09-13T15:54:25.439Z","v":0}
{"name":"hexo","hostname":"localhost","pid":51116,"level":20,"msg":"Processed: \u001b[35mlayout/_scripts/pages/post-details.swig\u001b[39m","time":"2016-09-13T15:54:25.439Z","v":0}
{"name":"hexo","hostname":"localhost","pid":51116,"level":20,"msg":"Processed: \u001b[35mlayout/_scripts/schemes/pisces.swig\u001b[39m","time":"2016-09-13T15:54:25.439Z","v":0}
{"name":"hexo","hostname":"localhost","pid":51116,"level":20,"msg":"Processed: \u001b[35mlayout/_scripts/third-party/analytics.swig\u001b[39m","time":"2016-09-13T15:54:25.439Z","v":0}
{"name":"hexo","hostname":"localhost","pid":51116,"level":20,"msg":"Processed: \u001b[35mlayout/_scripts/third-party/comments.swig\u001b[39m","time":"2016-09-13T15:54:25.440Z","v":0}
{"name":"hexo","hostname":"localhost","pid":51116,"level":20,"msg":"Processed: \u001b[35mlayout/_scripts/third-party/lean-analytics.swig\u001b[39m","time":"2016-09-13T15:54:25.440Z","v":0}
{"name":"hexo","hostname":"localhost","pid":51116,"level":20,"msg":"Processed: \u001b[35mlayout/_scripts/third-party/localsearch.swig\u001b[39m","time":"2016-09-13T15:54:25.440Z","v":0}
{"name":"hexo","hostname":"localhost","pid":51116,"level":20,"msg":"Processed: \u001b[35mlayout/_scripts/third-party/mathjax.swig\u001b[39m","time":"2016-09-13T15:54:25.440Z","v":0}
{"name":"hexo","hostname":"localhost","pid":51116,"level":20,"msg":"Processed: \u001b[35mlayout/_scripts/third-party/tinysou.swig\u001b[39m","time":"2016-09-13T15:54:25.440Z","v":0}
{"name":"hexo","hostname":"localhost","pid":51116,"level":20,"msg":"Processed: \u001b[35msource/vendors/fancybox/source/helpers/fancybox_buttons.png\u001b[39m","time":"2016-09-13T15:54:25.444Z","v":0}
{"name":"hexo","hostname":"localhost","pid":51116,"level":20,"msg":"Processed: \u001b[35msource/vendors/fancybox/source/helpers/jquery.fancybox-buttons.css\u001b[39m","time":"2016-09-13T15:54:25.444Z","v":0}
{"name":"hexo","hostname":"localhost","pid":51116,"level":20,"msg":"Processed: \u001b[35msource/vendors/fancybox/source/helpers/jquery.fancybox-buttons.js\u001b[39m","time":"2016-09-13T15:54:25.445Z","v":0}
{"name":"hexo","hostname":"localhost","pid":51116,"level":20,"msg":"Processed: \u001b[35msource/vendors/fancybox/source/helpers/jquery.fancybox-media.js\u001b[39m","time":"2016-09-13T15:54:25.445Z","v":0}
{"name":"hexo","hostname":"localhost","pid":51116,"level":20,"msg":"Processed: \u001b[35msource/vendors/fancybox/source/helpers/jquery.fancybox-thumbs.css\u001b[39m","time":"2016-09-13T15:54:25.445Z","v":0}
{"name":"hexo","hostname":"localhost","pid":51116,"level":20,"msg":"Processed: \u001b[35msource/vendors/fancybox/source/helpers/jquery.fancybox-thumbs.js\u001b[39m","time":"2016-09-13T15:54:25.477Z","v":0}
{"name":"hexo","hostname":"localhost","pid":51116,"level":20,"msg":"Processed: \u001b[35msource/vendors/font-awesome/fonts/fontawesome-webfont.ttf\u001b[39m","time":"2016-09-13T15:54:25.477Z","v":0}
{"name":"hexo","hostname":"localhost","pid":51116,"level":20,"msg":"Processed: \u001b[35mlayout/_scripts/third-party/analytics/busuanzi-counter.swig\u001b[39m","time":"2016-09-13T15:54:25.486Z","v":0}
{"name":"hexo","hostname":"localhost","pid":51116,"level":20,"msg":"Processed: \u001b[35mlayout/_scripts/third-party/analytics/facebook-sdk.swig\u001b[39m","time":"2016-09-13T15:54:25.486Z","v":0}
{"name":"hexo","hostname":"localhost","pid":51116,"level":20,"msg":"Processed: \u001b[35mlayout/_scripts/third-party/analytics/baidu-analytics.swig\u001b[39m","time":"2016-09-13T15:54:25.486Z","v":0}
{"name":"hexo","hostname":"localhost","pid":51116,"level":20,"msg":"Processed: \u001b[35mlayout/_scripts/third-party/analytics/google-analytics.swig\u001b[39m","time":"2016-09-13T15:54:25.486Z","v":0}
{"name":"hexo","hostname":"localhost","pid":51116,"level":20,"msg":"Processed: \u001b[35mlayout/_scripts/third-party/analytics/cnzz-analytics.swig\u001b[39m","time":"2016-09-13T15:54:25.486Z","v":0}
{"name":"hexo","hostname":"localhost","pid":51116,"level":20,"msg":"Processed: \u001b[35mlayout/_scripts/third-party/analytics/tencent-analytics.swig\u001b[39m","time":"2016-09-13T15:54:25.486Z","v":0}
{"name":"hexo","hostname":"localhost","pid":51116,"level":20,"msg":"Processed: \u001b[35mlayout/_scripts/third-party/comments/disqus.swig\u001b[39m","time":"2016-09-13T15:54:25.486Z","v":0}
{"name":"hexo","hostname":"localhost","pid":51116,"level":20,"msg":"Processed: \u001b[35mlayout/_scripts/third-party/comments/duoshuo.swig\u001b[39m","time":"2016-09-13T15:54:25.486Z","v":0}
{"name":"hexo","hostname":"localhost","pid":51116,"level":20,"msg":"Processed: \u001b[35msource/vendors/font-awesome/fonts/fontawesome-webfont.svg\u001b[39m","time":"2016-09-13T15:54:25.487Z","v":0}
{"name":"hexo","hostname":"localhost","pid":51116,"level":20,"msg":"Generator: \u001b[35mpage\u001b[39m","time":"2016-09-13T15:54:25.607Z","v":0}
{"name":"hexo","hostname":"localhost","pid":51116,"level":20,"msg":"Generator: \u001b[35mpost\u001b[39m","time":"2016-09-13T15:54:25.607Z","v":0}
{"name":"hexo","hostname":"localhost","pid":51116,"level":20,"msg":"Generator: \u001b[35marchive\u001b[39m","time":"2016-09-13T15:54:25.607Z","v":0}
{"name":"hexo","hostname":"localhost","pid":51116,"level":20,"msg":"Generator: \u001b[35mindex\u001b[39m","time":"2016-09-13T15:54:25.607Z","v":0}
{"name":"hexo","hostname":"localhost","pid":51116,"level":20,"msg":"Generator: \u001b[35mcategory\u001b[39m","time":"2016-09-13T15:54:25.608Z","v":0}
{"name":"hexo","hostname":"localhost","pid":51116,"level":20,"msg":"Generator: \u001b[35mtag\u001b[39m","time":"2016-09-13T15:54:25.608Z","v":0}
{"name":"hexo","hostname":"localhost","pid":51116,"level":20,"msg":"Generator: \u001b[35mjson-content\u001b[39m","time":"2016-09-13T15:54:25.608Z","v":0}
{"name":"hexo","hostname":"localhost","pid":51116,"level":20,"msg":"Generator: \u001b[35masset\u001b[39m","time":"2016-09-13T15:54:25.610Z","v":0}
{"name":"hexo","hostname":"localhost","pid":51116,"level":30,"msg":"Hexo is running at \u001b[4mhttp://localhost:4000/\u001b[24m. Press Ctrl+C to stop.","time":"2016-09-13T15:54:25.617Z","v":0}
{"name":"hexo","hostname":"localhost","pid":51116,"level":20,"msg":"Database saved","time":"2016-09-13T15:54:25.637Z","v":0}
{"name":"hexo","hostname":"localhost","pid":51116,"level":20,"msg":"Rendering index: \u001b[35mindex.html\u001b[39m","time":"2016-09-13T15:54:38.594Z","v":0}
{"name":"hexo","hostname":"localhost","pid":51116,"level":20,"msg":"Rendering archive: \u001b[35marchives/index.html\u001b[39m","time":"2016-09-13T15:55:14.852Z","v":0}
{"name":"hexo","hostname":"localhost","pid":51116,"level":20,"msg":"Generator: \u001b[35mpage\u001b[39m","time":"2016-09-13T15:55:59.678Z","v":0}
{"name":"hexo","hostname":"localhost","pid":51116,"level":20,"msg":"Generator: \u001b[35mpost\u001b[39m","time":"2016-09-13T15:55:59.678Z","v":0}
{"name":"hexo","hostname":"localhost","pid":51116,"level":20,"msg":"Generator: \u001b[35marchive\u001b[39m","time":"2016-09-13T15:55:59.679Z","v":0}
{"name":"hexo","hostname":"localhost","pid":51116,"level":20,"msg":"Generator: \u001b[35mindex\u001b[39m","time":"2016-09-13T15:55:59.679Z","v":0}
{"name":"hexo","hostname":"localhost","pid":51116,"level":20,"msg":"Generator: \u001b[35mcategory\u001b[39m","time":"2016-09-13T15:55:59.679Z","v":0}
{"name":"hexo","hostname":"localhost","pid":51116,"level":20,"msg":"Generator: \u001b[35mtag\u001b[39m","time":"2016-09-13T15:55:59.679Z","v":0}
{"name":"hexo","hostname":"localhost","pid":51116,"level":20,"msg":"Generator: \u001b[35mjson-content\u001b[39m","time":"2016-09-13T15:55:59.679Z","v":0}
{"name":"hexo","hostname":"localhost","pid":51116,"level":20,"msg":"Generator: \u001b[35masset\u001b[39m","time":"2016-09-13T15:55:59.682Z","v":0}
{"name":"hexo","hostname":"localhost","pid":51116,"level":20,"msg":"Theme config loaded.","time":"2016-09-13T15:56:35.402Z","v":0}
{"name":"hexo","hostname":"localhost","pid":51116,"level":20,"msg":"Processed: \u001b[35m_config.yml\u001b[39m","time":"2016-09-13T15:56:35.402Z","v":0}
{"name":"hexo","hostname":"localhost","pid":51116,"level":20,"msg":"Generator: \u001b[35mpage\u001b[39m","time":"2016-09-13T15:56:35.525Z","v":0}
{"name":"hexo","hostname":"localhost","pid":51116,"level":20,"msg":"Generator: \u001b[35mpost\u001b[39m","time":"2016-09-13T15:56:35.525Z","v":0}
{"name":"hexo","hostname":"localhost","pid":51116,"level":20,"msg":"Generator: \u001b[35marchive\u001b[39m","time":"2016-09-13T15:56:35.525Z","v":0}
{"name":"hexo","hostname":"localhost","pid":51116,"level":20,"msg":"Generator: \u001b[35mindex\u001b[39m","time":"2016-09-13T15:56:35.525Z","v":0}
{"name":"hexo","hostname":"localhost","pid":51116,"level":20,"msg":"Generator: \u001b[35mcategory\u001b[39m","time":"2016-09-13T15:56:35.525Z","v":0}
{"name":"hexo","hostname":"localhost","pid":51116,"level":20,"msg":"Generator: \u001b[35mtag\u001b[39m","time":"2016-09-13T15:56:35.525Z","v":0}
{"name":"hexo","hostname":"localhost","pid":51116,"level":20,"msg":"Generator: \u001b[35mjson-content\u001b[39m","time":"2016-09-13T15:56:35.525Z","v":0}
{"name":"hexo","hostname":"localhost","pid":51116,"level":20,"msg":"Generator: \u001b[35masset\u001b[39m","time":"2016-09-13T15:56:35.527Z","v":0}
{"name":"hexo","hostname":"localhost","pid":51116,"level":20,"msg":"Rendering archive: \u001b[35marchives/index.html\u001b[39m","time":"2016-09-13T15:56:36.112Z","v":0}
{"name":"hexo","hostname":"localhost","pid":51116,"level":20,"msg":"Rendering index: \u001b[35mindex.html\u001b[39m","time":"2016-09-13T15:56:40.689Z","v":0}
{"name":"hexo","hostname":"localhost","pid":51116,"level":20,"msg":"Rendering index: \u001b[35mindex.html\u001b[39m","time":"2016-09-13T15:56:48.468Z","v":0}
{"name":"hexo","hostname":"localhost","pid":51116,"level":20,"msg":"Rendering archive: \u001b[35marchives/index.html\u001b[39m","time":"2016-09-13T15:56:52.387Z","v":0}
{"name":"hexo","hostname":"localhost","pid":51116,"level":20,"msg":"Theme config loaded.","time":"2016-09-13T15:57:09.804Z","v":0}
{"name":"hexo","hostname":"localhost","pid":51116,"level":20,"msg":"Processed: \u001b[35m_config.yml\u001b[39m","time":"2016-09-13T15:57:09.804Z","v":0}
{"name":"hexo","hostname":"localhost","pid":51116,"level":20,"msg":"Generator: \u001b[35mpage\u001b[39m","time":"2016-09-13T15:57:09.926Z","v":0}
{"name":"hexo","hostname":"localhost","pid":51116,"level":20,"msg":"Generator: \u001b[35mpost\u001b[39m","time":"2016-09-13T15:57:09.926Z","v":0}
{"name":"hexo","hostname":"localhost","pid":51116,"level":20,"msg":"Generator: \u001b[35marchive\u001b[39m","time":"2016-09-13T15:57:09.926Z","v":0}
{"name":"hexo","hostname":"localhost","pid":51116,"level":20,"msg":"Generator: \u001b[35mindex\u001b[39m","time":"2016-09-13T15:57:09.926Z","v":0}
{"name":"hexo","hostname":"localhost","pid":51116,"level":20,"msg":"Generator: \u001b[35mcategory\u001b[39m","time":"2016-09-13T15:57:09.926Z","v":0}
{"name":"hexo","hostname":"localhost","pid":51116,"level":20,"msg":"Generator: \u001b[35mtag\u001b[39m","time":"2016-09-13T15:57:09.926Z","v":0}
{"name":"hexo","hostname":"localhost","pid":51116,"level":20,"msg":"Generator: \u001b[35mjson-content\u001b[39m","time":"2016-09-13T15:57:09.927Z","v":0}
{"name":"hexo","hostname":"localhost","pid":51116,"level":20,"msg":"Generator: \u001b[35masset\u001b[39m","time":"2016-09-13T15:57:09.928Z","v":0}
{"name":"hexo","hostname":"localhost","pid":51116,"level":20,"msg":"Rendering archive: \u001b[35marchives/index.html\u001b[39m","time":"2016-09-13T15:57:10.762Z","v":0}
{"name":"hexo","hostname":"localhost","pid":51116,"level":20,"msg":"Rendering index: \u001b[35mindex.html\u001b[39m","time":"2016-09-13T15:57:16.111Z","v":0}
{"name":"hexo","hostname":"localhost","pid":51116,"level":20,"msg":"Rendering post: \u001b[35m2016/09/13/markdown-syntax3/index.html\u001b[39m","time":"2016-09-13T15:57:19.389Z","v":0}
{"name":"hexo","hostname":"localhost","pid":51116,"level":20,"msg":"Rendering post: \u001b[35m2016/09/13/markdown-syntax3/index.html\u001b[39m","time":"2016-09-13T15:58:40.840Z","v":0}
{"name":"hexo","hostname":"localhost","pid":51116,"level":30,"msg":"Farewell","time":"2016-09-13T16:02:04.123Z","v":0}
{"name":"hexo","hostname":"localhost","pid":51116,"level":20,"msg":"Database saved","time":"2016-09-13T16:02:04.163Z","v":0}
{"name":"hexo","hostname":"localhost","pid":51180,"level":20,"msg":"Hexo version: \u001b[35m3.2.2\u001b[39m","time":"2016-09-13T16:02:06.607Z","v":0}
{"name":"hexo","hostname":"localhost","pid":51180,"level":20,"msg":"Working directory: \u001b[35m~/workspace/blog/\u001b[39m","time":"2016-09-13T16:02:06.610Z","v":0}
{"name":"hexo","hostname":"localhost","pid":51180,"level":20,"msg":"Config loaded: \u001b[35m~/workspace/blog/_config.yml\u001b[39m","time":"2016-09-13T16:02:06.715Z","v":0}
{"name":"hexo","hostname":"localhost","pid":51180,"level":20,"msg":"Plugin loaded: \u001b[35mhexo-deployer-git\u001b[39m","time":"2016-09-13T16:02:06.731Z","v":0}
{"name":"hexo","hostname":"localhost","pid":51180,"level":20,"msg":"Plugin loaded: \u001b[35mhexo-generator-archive\u001b[39m","time":"2016-09-13T16:02:06.734Z","v":0}
{"name":"hexo","hostname":"localhost","pid":51180,"level":20,"msg":"Plugin loaded: \u001b[35mhexo-generator-category\u001b[39m","time":"2016-09-13T16:02:06.735Z","v":0}
{"name":"hexo","hostname":"localhost","pid":51180,"level":20,"msg":"Plugin loaded: \u001b[35mhexo-generator-index\u001b[39m","time":"2016-09-13T16:02:06.737Z","v":0}
{"name":"hexo","hostname":"localhost","pid":51180,"level":20,"msg":"Plugin loaded: \u001b[35mhexo-generator-tag\u001b[39m","time":"2016-09-13T16:02:06.738Z","v":0}
{"name":"hexo","hostname":"localhost","pid":51180,"level":20,"msg":"Plugin loaded: \u001b[35mhexo-renderer-ejs\u001b[39m","time":"2016-09-13T16:02:06.740Z","v":0}
{"name":"hexo","hostname":"localhost","pid":51180,"level":20,"msg":"Plugin loaded: \u001b[35mhexo-renderer-marked\u001b[39m","time":"2016-09-13T16:02:06.746Z","v":0}
{"name":"hexo","hostname":"localhost","pid":51180,"level":20,"msg":"Plugin loaded: \u001b[35mhexo-renderer-stylus\u001b[39m","time":"2016-09-13T16:02:06.747Z","v":0}
{"name":"hexo","hostname":"localhost","pid":51180,"level":20,"msg":"Plugin loaded: \u001b[35mhexo-server\u001b[39m","time":"2016-09-13T16:02:06.806Z","v":0}
{"name":"hexo","hostname":"localhost","pid":51180,"level":20,"msg":"Script loaded: \u001b[35mthemes/next/scripts/tags/full-image.js\u001b[39m","time":"2016-09-13T16:02:06.807Z","v":0}
{"name":"hexo","hostname":"localhost","pid":51180,"level":20,"msg":"Script loaded: \u001b[35mthemes/next/scripts/tags/group-pictures.js\u001b[39m","time":"2016-09-13T16:02:06.809Z","v":0}
{"name":"hexo","hostname":"localhost","pid":51180,"level":20,"msg":"Script loaded: \u001b[35mthemes/next/scripts/merge-configs.js\u001b[39m","time":"2016-09-13T16:02:06.810Z","v":0}
{"name":"hexo","hostname":"localhost","pid":51180,"level":20,"msg":"Plugin loaded: \u001b[35mhexo-generator-json-content\u001b[39m","time":"2016-09-13T16:02:06.834Z","v":0}
{"name":"hexo","hostname":"localhost","pid":51180,"level":20,"msg":"Script loaded: \u001b[35mthemes/next/scripts/tags/center-quote.js\u001b[39m","time":"2016-09-13T16:02:06.834Z","v":0}
{"name":"hexo","hostname":"localhost","pid":51180,"level":20,"msg":"Loading database.","time":"2016-09-13T16:02:06.842Z","v":0}
{"name":"hexo","hostname":"localhost","pid":51180,"level":30,"msg":"Start processing","time":"2016-09-13T16:02:06.934Z","v":0}
{"name":"hexo","hostname":"localhost","pid":51180,"level":20,"msg":"Processed: \u001b[35m_posts/markdown-syntax.md\u001b[39m","time":"2016-09-13T16:02:07.045Z","v":0}
{"name":"hexo","hostname":"localhost","pid":51180,"level":20,"msg":"Processed: \u001b[35m_posts/hello-world.md\u001b[39m","time":"2016-09-13T16:02:07.046Z","v":0}
{"name":"hexo","hostname":"localhost","pid":51180,"level":20,"msg":"Processed: \u001b[35m_posts/markdown-syntax2.md\u001b[39m","time":"2016-09-13T16:02:07.046Z","v":0}
{"name":"hexo","hostname":"localhost","pid":51180,"level":20,"msg":"Processed: \u001b[35m_posts/markdown-syntax3.md\u001b[39m","time":"2016-09-13T16:02:07.046Z","v":0}
{"name":"hexo","hostname":"localhost","pid":51180,"level":20,"msg":"Theme config loaded.","time":"2016-09-13T16:02:07.097Z","v":0}
{"name":"hexo","hostname":"localhost","pid":51180,"level":20,"msg":"Processed: \u001b[35m_config.yml\u001b[39m","time":"2016-09-13T16:02:07.099Z","v":0}
{"name":"hexo","hostname":"localhost","pid":51180,"level":20,"msg":"Processed: \u001b[35msource/css/main.styl\u001b[39m","time":"2016-09-13T16:02:07.101Z","v":0}
{"name":"hexo","hostname":"localhost","pid":51180,"level":20,"msg":"Processed: \u001b[35msource/images/avatar.gif\u001b[39m","time":"2016-09-13T16:02:07.101Z","v":0}
{"name":"hexo","hostname":"localhost","pid":51180,"level":20,"msg":"Processed: \u001b[35msource/images/cc-by-nc-sa.svg\u001b[39m","time":"2016-09-13T16:02:07.102Z","v":0}
{"name":"hexo","hostname":"localhost","pid":51180,"level":20,"msg":"Processed: \u001b[35msource/images/loading.gif\u001b[39m","time":"2016-09-13T16:02:07.103Z","v":0}
{"name":"hexo","hostname":"localhost","pid":51180,"level":20,"msg":"Processed: \u001b[35msource/images/placeholder.gif\u001b[39m","time":"2016-09-13T16:02:07.104Z","v":0}
{"name":"hexo","hostname":"localhost","pid":51180,"level":20,"msg":"Processed: \u001b[35msource/images/cc-by-nc.svg\u001b[39m","time":"2016-09-13T16:02:07.104Z","v":0}
{"name":"hexo","hostname":"localhost","pid":51180,"level":20,"msg":"Processed: \u001b[35msource/images/cc-by-nd.svg\u001b[39m","time":"2016-09-13T16:02:07.104Z","v":0}
{"name":"hexo","hostname":"localhost","pid":51180,"level":20,"msg":"Processed: \u001b[35msource/images/cc-by-nc-nd.svg\u001b[39m","time":"2016-09-13T16:02:07.105Z","v":0}
{"name":"hexo","hostname":"localhost","pid":51180,"level":20,"msg":"Processed: \u001b[35msource/images/cc-by-sa.svg\u001b[39m","time":"2016-09-13T16:02:07.105Z","v":0}
{"name":"hexo","hostname":"localhost","pid":51180,"level":20,"msg":"Processed: \u001b[35msource/images/quote-l.svg\u001b[39m","time":"2016-09-13T16:02:07.105Z","v":0}
{"name":"hexo","hostname":"localhost","pid":51180,"level":20,"msg":"Processed: \u001b[35msource/images/searchicon.png\u001b[39m","time":"2016-09-13T16:02:07.106Z","v":0}
{"name":"hexo","hostname":"localhost","pid":51180,"level":20,"msg":"Processed: \u001b[35msource/images/cc-zero.svg\u001b[39m","time":"2016-09-13T16:02:07.106Z","v":0}
{"name":"hexo","hostname":"localhost","pid":51180,"level":20,"msg":"Processed: \u001b[35msource/images/cc-by.svg\u001b[39m","time":"2016-09-13T16:02:07.106Z","v":0}
{"name":"hexo","hostname":"localhost","pid":51180,"level":20,"msg":"Processed: \u001b[35msource/images/quote-r.svg\u001b[39m","time":"2016-09-13T16:02:07.107Z","v":0}
{"name":"hexo","hostname":"localhost","pid":51180,"level":20,"msg":"Processed: \u001b[35mlayout/_layout.swig\u001b[39m","time":"2016-09-13T16:02:07.254Z","v":0}
{"name":"hexo","hostname":"localhost","pid":51180,"level":20,"msg":"Processed: \u001b[35mlayout/archive.swig\u001b[39m","time":"2016-09-13T16:02:07.254Z","v":0}
{"name":"hexo","hostname":"localhost","pid":51180,"level":20,"msg":"Processed: \u001b[35mlayout/category.swig\u001b[39m","time":"2016-09-13T16:02:07.254Z","v":0}
{"name":"hexo","hostname":"localhost","pid":51180,"level":20,"msg":"Processed: \u001b[35mlayout/index.swig\u001b[39m","time":"2016-09-13T16:02:07.254Z","v":0}
{"name":"hexo","hostname":"localhost","pid":51180,"level":20,"msg":"Processed: \u001b[35mlayout/page.swig\u001b[39m","time":"2016-09-13T16:02:07.254Z","v":0}
{"name":"hexo","hostname":"localhost","pid":51180,"level":20,"msg":"Processed: \u001b[35mlayout/post.swig\u001b[39m","time":"2016-09-13T16:02:07.255Z","v":0}
{"name":"hexo","hostname":"localhost","pid":51180,"level":20,"msg":"Processed: \u001b[35mlayout/tag.swig\u001b[39m","time":"2016-09-13T16:02:07.255Z","v":0}
{"name":"hexo","hostname":"localhost","pid":51180,"level":20,"msg":"Processed: \u001b[35mlanguages/de.yml\u001b[39m","time":"2016-09-13T16:02:07.263Z","v":0}
{"name":"hexo","hostname":"localhost","pid":51180,"level":20,"msg":"Processed: \u001b[35mlanguages/en.yml\u001b[39m","time":"2016-09-13T16:02:07.263Z","v":0}
{"name":"hexo","hostname":"localhost","pid":51180,"level":20,"msg":"Processed: \u001b[35mlanguages/default.yml\u001b[39m","time":"2016-09-13T16:02:07.263Z","v":0}
{"name":"hexo","hostname":"localhost","pid":51180,"level":20,"msg":"Processed: \u001b[35mlanguages/fr-FR.yml\u001b[39m","time":"2016-09-13T16:02:07.263Z","v":0}
{"name":"hexo","hostname":"localhost","pid":51180,"level":20,"msg":"Processed: \u001b[35mlanguages/id.yml\u001b[39m","time":"2016-09-13T16:02:07.263Z","v":0}
{"name":"hexo","hostname":"localhost","pid":51180,"level":20,"msg":"Processed: \u001b[35mlanguages/ja.yml\u001b[39m","time":"2016-09-13T16:02:07.263Z","v":0}
{"name":"hexo","hostname":"localhost","pid":51180,"level":20,"msg":"Processed: \u001b[35mlanguages/ko.yml\u001b[39m","time":"2016-09-13T16:02:07.263Z","v":0}
{"name":"hexo","hostname":"localhost","pid":51180,"level":20,"msg":"Processed: \u001b[35mlanguages/pt.yml\u001b[39m","time":"2016-09-13T16:02:07.263Z","v":0}
{"name":"hexo","hostname":"localhost","pid":51180,"level":20,"msg":"Processed: \u001b[35mlanguages/pt-BR.yml\u001b[39m","time":"2016-09-13T16:02:07.264Z","v":0}
{"name":"hexo","hostname":"localhost","pid":51180,"level":20,"msg":"Processed: \u001b[35mlanguages/zh-Hans.yml\u001b[39m","time":"2016-09-13T16:02:07.264Z","v":0}
{"name":"hexo","hostname":"localhost","pid":51180,"level":20,"msg":"Processed: \u001b[35mlanguages/ru.yml\u001b[39m","time":"2016-09-13T16:02:07.264Z","v":0}
{"name":"hexo","hostname":"localhost","pid":51180,"level":20,"msg":"Processed: \u001b[35mlanguages/zh-tw.yml\u001b[39m","time":"2016-09-13T16:02:07.264Z","v":0}
{"name":"hexo","hostname":"localhost","pid":51180,"level":20,"msg":"Processed: \u001b[35mlanguages/zh-hk.yml\u001b[39m","time":"2016-09-13T16:02:07.264Z","v":0}
{"name":"hexo","hostname":"localhost","pid":51180,"level":20,"msg":"Processed: \u001b[35msource/js/src/bootstrap.js\u001b[39m","time":"2016-09-13T16:02:07.264Z","v":0}
{"name":"hexo","hostname":"localhost","pid":51180,"level":20,"msg":"Processed: \u001b[35msource/js/src/affix.js\u001b[39m","time":"2016-09-13T16:02:07.264Z","v":0}
{"name":"hexo","hostname":"localhost","pid":51180,"level":20,"msg":"Processed: \u001b[35msource/js/src/hook-duoshuo.js\u001b[39m","time":"2016-09-13T16:02:07.265Z","v":0}
{"name":"hexo","hostname":"localhost","pid":51180,"level":20,"msg":"Processed: \u001b[35msource/js/src/motion.js\u001b[39m","time":"2016-09-13T16:02:07.266Z","v":0}
{"name":"hexo","hostname":"localhost","pid":51180,"level":20,"msg":"Processed: \u001b[35msource/js/src/post-details.js\u001b[39m","time":"2016-09-13T16:02:07.266Z","v":0}
{"name":"hexo","hostname":"localhost","pid":51180,"level":20,"msg":"Processed: \u001b[35msource/js/src/scrollspy.js\u001b[39m","time":"2016-09-13T16:02:07.271Z","v":0}
{"name":"hexo","hostname":"localhost","pid":51180,"level":20,"msg":"Processed: \u001b[35msource/js/src/utils.js\u001b[39m","time":"2016-09-13T16:02:07.271Z","v":0}
{"name":"hexo","hostname":"localhost","pid":51180,"level":20,"msg":"Processed: \u001b[35msource/vendors/fastclick/LICENSE\u001b[39m","time":"2016-09-13T16:02:07.272Z","v":0}
{"name":"hexo","hostname":"localhost","pid":51180,"level":20,"msg":"Processed: \u001b[35msource/vendors/font-awesome/HELP-US-OUT.txt\u001b[39m","time":"2016-09-13T16:02:07.272Z","v":0}
{"name":"hexo","hostname":"localhost","pid":51180,"level":20,"msg":"Processed: \u001b[35msource/vendors/fastclick/bower.json\u001b[39m","time":"2016-09-13T16:02:07.272Z","v":0}
{"name":"hexo","hostname":"localhost","pid":51180,"level":20,"msg":"Processed: \u001b[35msource/vendors/fastclick/README.md\u001b[39m","time":"2016-09-13T16:02:07.274Z","v":0}
{"name":"hexo","hostname":"localhost","pid":51180,"level":20,"msg":"Processed: \u001b[35msource/vendors/font-awesome/bower.json\u001b[39m","time":"2016-09-13T16:02:07.275Z","v":0}
{"name":"hexo","hostname":"localhost","pid":51180,"level":20,"msg":"Processed: \u001b[35msource/vendors/jquery_lazyload/jquery.lazyload.js\u001b[39m","time":"2016-09-13T16:02:07.275Z","v":0}
{"name":"hexo","hostname":"localhost","pid":51180,"level":20,"msg":"Processed: \u001b[35msource/vendors/jquery_lazyload/CONTRIBUTING.md\u001b[39m","time":"2016-09-13T16:02:07.275Z","v":0}
{"name":"hexo","hostname":"localhost","pid":51180,"level":20,"msg":"Processed: \u001b[35msource/vendors/velocity/velocity.min.js\u001b[39m","time":"2016-09-13T16:02:07.275Z","v":0}
{"name":"hexo","hostname":"localhost","pid":51180,"level":20,"msg":"Processed: \u001b[35msource/vendors/velocity/velocity.ui.min.js\u001b[39m","time":"2016-09-13T16:02:07.275Z","v":0}
{"name":"hexo","hostname":"localhost","pid":51180,"level":20,"msg":"Processed: \u001b[35msource/vendors/jquery_lazyload/bower.json\u001b[39m","time":"2016-09-13T16:02:07.276Z","v":0}
{"name":"hexo","hostname":"localhost","pid":51180,"level":20,"msg":"Processed: \u001b[35msource/vendors/jquery_lazyload/jquery.scrollstop.js\u001b[39m","time":"2016-09-13T16:02:07.276Z","v":0}
{"name":"hexo","hostname":"localhost","pid":51180,"level":20,"msg":"Processed: \u001b[35msource/vendors/jquery_lazyload/README.md\u001b[39m","time":"2016-09-13T16:02:07.277Z","v":0}
{"name":"hexo","hostname":"localhost","pid":51180,"level":20,"msg":"Processed: \u001b[35msource/vendors/velocity/bower.json\u001b[39m","time":"2016-09-13T16:02:07.277Z","v":0}
{"name":"hexo","hostname":"localhost","pid":51180,"level":20,"msg":"Processed: \u001b[35msource/vendors/velocity/velocity.ui.js\u001b[39m","time":"2016-09-13T16:02:07.277Z","v":0}
{"name":"hexo","hostname":"localhost","pid":51180,"level":20,"msg":"Processed: \u001b[35msource/vendors/jquery/index.js\u001b[39m","time":"2016-09-13T16:02:07.286Z","v":0}
{"name":"hexo","hostname":"localhost","pid":51180,"level":20,"msg":"Processed: \u001b[35mlayout/_macro/reward.swig\u001b[39m","time":"2016-09-13T16:02:07.326Z","v":0}
{"name":"hexo","hostname":"localhost","pid":51180,"level":20,"msg":"Processed: \u001b[35mlayout/_macro/sidebar.swig\u001b[39m","time":"2016-09-13T16:02:07.326Z","v":0}
{"name":"hexo","hostname":"localhost","pid":51180,"level":20,"msg":"Processed: \u001b[35mlayout/_scripts/baidu-push.swig\u001b[39m","time":"2016-09-13T16:02:07.326Z","v":0}
{"name":"hexo","hostname":"localhost","pid":51180,"level":20,"msg":"Processed: \u001b[35mlayout/_macro/wechat-subscriber.swig\u001b[39m","time":"2016-09-13T16:02:07.326Z","v":0}
{"name":"hexo","hostname":"localhost","pid":51180,"level":20,"msg":"Processed: \u001b[35mlayout/_scripts/commons.swig\u001b[39m","time":"2016-09-13T16:02:07.326Z","v":0}
{"name":"hexo","hostname":"localhost","pid":51180,"level":20,"msg":"Processed: \u001b[35mlayout/_scripts/boostrap.swig\u001b[39m","time":"2016-09-13T16:02:07.326Z","v":0}
{"name":"hexo","hostname":"localhost","pid":51180,"level":20,"msg":"Processed: \u001b[35mlayout/_macro/post.swig\u001b[39m","time":"2016-09-13T16:02:07.326Z","v":0}
{"name":"hexo","hostname":"localhost","pid":51180,"level":20,"msg":"Processed: \u001b[35mlayout/_macro/post-collapse.swig\u001b[39m","time":"2016-09-13T16:02:07.326Z","v":0}
{"name":"hexo","hostname":"localhost","pid":51180,"level":20,"msg":"Processed: \u001b[35mlayout/_scripts/vendors.swig\u001b[39m","time":"2016-09-13T16:02:07.326Z","v":0}
{"name":"hexo","hostname":"localhost","pid":51180,"level":20,"msg":"Processed: \u001b[35mlayout/_partials/comments.swig\u001b[39m","time":"2016-09-13T16:02:07.326Z","v":0}
{"name":"hexo","hostname":"localhost","pid":51180,"level":20,"msg":"Processed: \u001b[35mlayout/_partials/duoshuo-hot-articles.swig\u001b[39m","time":"2016-09-13T16:02:07.326Z","v":0}
{"name":"hexo","hostname":"localhost","pid":51180,"level":20,"msg":"Processed: \u001b[35mlayout/_partials/footer.swig\u001b[39m","time":"2016-09-13T16:02:07.326Z","v":0}
{"name":"hexo","hostname":"localhost","pid":51180,"level":20,"msg":"Processed: \u001b[35mlayout/_partials/header.swig\u001b[39m","time":"2016-09-13T16:02:07.326Z","v":0}
{"name":"hexo","hostname":"localhost","pid":51180,"level":20,"msg":"Processed: \u001b[35mlayout/_partials/head.swig\u001b[39m","time":"2016-09-13T16:02:07.327Z","v":0}
{"name":"hexo","hostname":"localhost","pid":51180,"level":20,"msg":"Processed: \u001b[35mlayout/_partials/pagination.swig\u001b[39m","time":"2016-09-13T16:02:07.327Z","v":0}
{"name":"hexo","hostname":"localhost","pid":51180,"level":20,"msg":"Processed: \u001b[35mlayout/_partials/search.swig\u001b[39m","time":"2016-09-13T16:02:07.327Z","v":0}
{"name":"hexo","hostname":"localhost","pid":51180,"level":20,"msg":"Processed: \u001b[35msource/js/src/schemes/pisces.js\u001b[39m","time":"2016-09-13T16:02:07.329Z","v":0}
{"name":"hexo","hostname":"localhost","pid":51180,"level":20,"msg":"Processed: \u001b[35msource/vendors/fancybox/source/blank.gif\u001b[39m","time":"2016-09-13T16:02:07.329Z","v":0}
{"name":"hexo","hostname":"localhost","pid":51180,"level":20,"msg":"Processed: \u001b[35msource/vendors/fancybox/source/fancybox_loading.gif\u001b[39m","time":"2016-09-13T16:02:07.329Z","v":0}
{"name":"hexo","hostname":"localhost","pid":51180,"level":20,"msg":"Processed: \u001b[35msource/vendors/fancybox/source/fancybox_overlay.png\u001b[39m","time":"2016-09-13T16:02:07.330Z","v":0}
{"name":"hexo","hostname":"localhost","pid":51180,"level":20,"msg":"Processed: \u001b[35msource/vendors/fancybox/source/fancybox_loading@2x.gif\u001b[39m","time":"2016-09-13T16:02:07.330Z","v":0}
{"name":"hexo","hostname":"localhost","pid":51180,"level":20,"msg":"Processed: \u001b[35msource/vendors/fancybox/source/fancybox_sprite.png\u001b[39m","time":"2016-09-13T16:02:07.330Z","v":0}
{"name":"hexo","hostname":"localhost","pid":51180,"level":20,"msg":"Processed: \u001b[35msource/vendors/fancybox/source/fancybox_sprite@2x.png\u001b[39m","time":"2016-09-13T16:02:07.330Z","v":0}
{"name":"hexo","hostname":"localhost","pid":51180,"level":20,"msg":"Processed: \u001b[35msource/vendors/fancybox/source/jquery.fancybox.css\u001b[39m","time":"2016-09-13T16:02:07.330Z","v":0}
{"name":"hexo","hostname":"localhost","pid":51180,"level":20,"msg":"Processed: \u001b[35msource/vendors/fancybox/source/jquery.fancybox.pack.js\u001b[39m","time":"2016-09-13T16:02:07.330Z","v":0}
{"name":"hexo","hostname":"localhost","pid":51180,"level":20,"msg":"Processed: \u001b[35msource/vendors/fastclick/lib/fastclick.min.js\u001b[39m","time":"2016-09-13T16:02:07.332Z","v":0}
{"name":"hexo","hostname":"localhost","pid":51180,"level":20,"msg":"Processed: \u001b[35msource/vendors/fancybox/source/jquery.fancybox.js\u001b[39m","time":"2016-09-13T16:02:07.332Z","v":0}
{"name":"hexo","hostname":"localhost","pid":51180,"level":20,"msg":"Processed: \u001b[35msource/vendors/font-awesome/css/font-awesome.css\u001b[39m","time":"2016-09-13T16:02:07.332Z","v":0}
{"name":"hexo","hostname":"localhost","pid":51180,"level":20,"msg":"Processed: \u001b[35msource/vendors/fastclick/lib/fastclick.js\u001b[39m","time":"2016-09-13T16:02:07.332Z","v":0}
{"name":"hexo","hostname":"localhost","pid":51180,"level":20,"msg":"Processed: \u001b[35msource/vendors/font-awesome/css/font-awesome.css.map\u001b[39m","time":"2016-09-13T16:02:07.332Z","v":0}
{"name":"hexo","hostname":"localhost","pid":51180,"level":20,"msg":"Processed: \u001b[35msource/vendors/font-awesome/css/font-awesome.min.css\u001b[39m","time":"2016-09-13T16:02:07.332Z","v":0}
{"name":"hexo","hostname":"localhost","pid":51180,"level":20,"msg":"Processed: \u001b[35msource/vendors/font-awesome/fonts/fontawesome-webfont.woff2\u001b[39m","time":"2016-09-13T16:02:07.332Z","v":0}
{"name":"hexo","hostname":"localhost","pid":51180,"level":20,"msg":"Processed: \u001b[35msource/vendors/ua-parser-js/dist/ua-parser.min.js\u001b[39m","time":"2016-09-13T16:02:07.333Z","v":0}
{"name":"hexo","hostname":"localhost","pid":51180,"level":20,"msg":"Processed: \u001b[35msource/vendors/ua-parser-js/dist/ua-parser.pack.js\u001b[39m","time":"2016-09-13T16:02:07.333Z","v":0}
{"name":"hexo","hostname":"localhost","pid":51180,"level":20,"msg":"Processed: \u001b[35mlayout/_scripts/schemes/muse.swig\u001b[39m","time":"2016-09-13T16:02:07.336Z","v":0}
{"name":"hexo","hostname":"localhost","pid":51180,"level":20,"msg":"Processed: \u001b[35mlayout/_scripts/schemes/mist.swig\u001b[39m","time":"2016-09-13T16:02:07.336Z","v":0}
{"name":"hexo","hostname":"localhost","pid":51180,"level":20,"msg":"Processed: \u001b[35msource/vendors/font-awesome/fonts/fontawesome-webfont.eot\u001b[39m","time":"2016-09-13T16:02:07.337Z","v":0}
{"name":"hexo","hostname":"localhost","pid":51180,"level":20,"msg":"Processed: \u001b[35msource/vendors/font-awesome/fonts/fontawesome-webfont.woff\u001b[39m","time":"2016-09-13T16:02:07.337Z","v":0}
{"name":"hexo","hostname":"localhost","pid":51180,"level":20,"msg":"Processed: \u001b[35msource/vendors/velocity/velocity.js\u001b[39m","time":"2016-09-13T16:02:07.337Z","v":0}
{"name":"hexo","hostname":"localhost","pid":51180,"level":20,"msg":"Processed: \u001b[35msource/vendors/font-awesome/fonts/FontAwesome.otf\u001b[39m","time":"2016-09-13T16:02:07.337Z","v":0}
{"name":"hexo","hostname":"localhost","pid":51180,"level":20,"msg":"Processed: \u001b[35mlayout/_scripts/pages/post-details.swig\u001b[39m","time":"2016-09-13T16:02:07.350Z","v":0}
{"name":"hexo","hostname":"localhost","pid":51180,"level":20,"msg":"Processed: \u001b[35mlayout/_scripts/schemes/pisces.swig\u001b[39m","time":"2016-09-13T16:02:07.350Z","v":0}
{"name":"hexo","hostname":"localhost","pid":51180,"level":20,"msg":"Processed: \u001b[35mlayout/_scripts/third-party/analytics.swig\u001b[39m","time":"2016-09-13T16:02:07.350Z","v":0}
{"name":"hexo","hostname":"localhost","pid":51180,"level":20,"msg":"Processed: \u001b[35mlayout/_scripts/third-party/comments.swig\u001b[39m","time":"2016-09-13T16:02:07.351Z","v":0}
{"name":"hexo","hostname":"localhost","pid":51180,"level":20,"msg":"Processed: \u001b[35mlayout/_scripts/third-party/lean-analytics.swig\u001b[39m","time":"2016-09-13T16:02:07.352Z","v":0}
{"name":"hexo","hostname":"localhost","pid":51180,"level":20,"msg":"Processed: \u001b[35mlayout/_scripts/third-party/localsearch.swig\u001b[39m","time":"2016-09-13T16:02:07.352Z","v":0}
{"name":"hexo","hostname":"localhost","pid":51180,"level":20,"msg":"Processed: \u001b[35mlayout/_scripts/third-party/mathjax.swig\u001b[39m","time":"2016-09-13T16:02:07.352Z","v":0}
{"name":"hexo","hostname":"localhost","pid":51180,"level":20,"msg":"Processed: \u001b[35mlayout/_scripts/third-party/tinysou.swig\u001b[39m","time":"2016-09-13T16:02:07.352Z","v":0}
{"name":"hexo","hostname":"localhost","pid":51180,"level":20,"msg":"Processed: \u001b[35mlayout/_partials/head/external-fonts.swig\u001b[39m","time":"2016-09-13T16:02:07.352Z","v":0}
{"name":"hexo","hostname":"localhost","pid":51180,"level":20,"msg":"Processed: \u001b[35mlayout/_partials/search/swiftype.swig\u001b[39m","time":"2016-09-13T16:02:07.352Z","v":0}
{"name":"hexo","hostname":"localhost","pid":51180,"level":20,"msg":"Processed: \u001b[35mlayout/_partials/search/localsearch.swig\u001b[39m","time":"2016-09-13T16:02:07.352Z","v":0}
{"name":"hexo","hostname":"localhost","pid":51180,"level":20,"msg":"Processed: \u001b[35mlayout/_partials/search/tinysou.swig\u001b[39m","time":"2016-09-13T16:02:07.352Z","v":0}
{"name":"hexo","hostname":"localhost","pid":51180,"level":20,"msg":"Processed: \u001b[35mlayout/_partials/share/add-this.swig\u001b[39m","time":"2016-09-13T16:02:07.352Z","v":0}
{"name":"hexo","hostname":"localhost","pid":51180,"level":20,"msg":"Processed: \u001b[35mlayout/_partials/share/baidushare.swig\u001b[39m","time":"2016-09-13T16:02:07.353Z","v":0}
{"name":"hexo","hostname":"localhost","pid":51180,"level":20,"msg":"Processed: \u001b[35mlayout/_partials/share/duoshuo_share.swig\u001b[39m","time":"2016-09-13T16:02:07.353Z","v":0}
{"name":"hexo","hostname":"localhost","pid":51180,"level":20,"msg":"Processed: \u001b[35mlayout/_partials/share/jiathis.swig\u001b[39m","time":"2016-09-13T16:02:07.353Z","v":0}
{"name":"hexo","hostname":"localhost","pid":51180,"level":20,"msg":"Processed: \u001b[35msource/vendors/fancybox/source/helpers/jquery.fancybox-buttons.css\u001b[39m","time":"2016-09-13T16:02:07.357Z","v":0}
{"name":"hexo","hostname":"localhost","pid":51180,"level":20,"msg":"Processed: \u001b[35msource/vendors/fancybox/source/helpers/fancybox_buttons.png\u001b[39m","time":"2016-09-13T16:02:07.357Z","v":0}
{"name":"hexo","hostname":"localhost","pid":51180,"level":20,"msg":"Processed: \u001b[35msource/vendors/fancybox/source/helpers/jquery.fancybox-media.js\u001b[39m","time":"2016-09-13T16:02:07.358Z","v":0}
{"name":"hexo","hostname":"localhost","pid":51180,"level":20,"msg":"Processed: \u001b[35msource/vendors/fancybox/source/helpers/jquery.fancybox-buttons.js\u001b[39m","time":"2016-09-13T16:02:07.358Z","v":0}
{"name":"hexo","hostname":"localhost","pid":51180,"level":20,"msg":"Processed: \u001b[35msource/vendors/fancybox/source/helpers/jquery.fancybox-thumbs.css\u001b[39m","time":"2016-09-13T16:02:07.358Z","v":0}
{"name":"hexo","hostname":"localhost","pid":51180,"level":20,"msg":"Processed: \u001b[35msource/vendors/fancybox/source/helpers/jquery.fancybox-thumbs.js\u001b[39m","time":"2016-09-13T16:02:07.359Z","v":0}
{"name":"hexo","hostname":"localhost","pid":51180,"level":20,"msg":"Processed: \u001b[35msource/vendors/font-awesome/fonts/fontawesome-webfont.ttf\u001b[39m","time":"2016-09-13T16:02:07.359Z","v":0}
{"name":"hexo","hostname":"localhost","pid":51180,"level":20,"msg":"Processed: \u001b[35mlayout/_scripts/third-party/analytics/baidu-analytics.swig\u001b[39m","time":"2016-09-13T16:02:07.362Z","v":0}
{"name":"hexo","hostname":"localhost","pid":51180,"level":20,"msg":"Processed: \u001b[35mlayout/_scripts/third-party/analytics/busuanzi-counter.swig\u001b[39m","time":"2016-09-13T16:02:07.362Z","v":0}
{"name":"hexo","hostname":"localhost","pid":51180,"level":20,"msg":"Processed: \u001b[35mlayout/_scripts/third-party/analytics/cnzz-analytics.swig\u001b[39m","time":"2016-09-13T16:02:07.362Z","v":0}
{"name":"hexo","hostname":"localhost","pid":51180,"level":20,"msg":"Processed: \u001b[35mlayout/_scripts/third-party/analytics/facebook-sdk.swig\u001b[39m","time":"2016-09-13T16:02:07.362Z","v":0}
{"name":"hexo","hostname":"localhost","pid":51180,"level":20,"msg":"Processed: \u001b[35mlayout/_scripts/third-party/analytics/tencent-analytics.swig\u001b[39m","time":"2016-09-13T16:02:07.366Z","v":0}
{"name":"hexo","hostname":"localhost","pid":51180,"level":20,"msg":"Processed: \u001b[35mlayout/_scripts/third-party/analytics/google-analytics.swig\u001b[39m","time":"2016-09-13T16:02:07.366Z","v":0}
{"name":"hexo","hostname":"localhost","pid":51180,"level":20,"msg":"Processed: \u001b[35mlayout/_scripts/third-party/comments/duoshuo.swig\u001b[39m","time":"2016-09-13T16:02:07.366Z","v":0}
{"name":"hexo","hostname":"localhost","pid":51180,"level":20,"msg":"Processed: \u001b[35mlayout/_scripts/third-party/comments/disqus.swig\u001b[39m","time":"2016-09-13T16:02:07.366Z","v":0}
{"name":"hexo","hostname":"localhost","pid":51180,"level":20,"msg":"Processed: \u001b[35msource/vendors/font-awesome/fonts/fontawesome-webfont.svg\u001b[39m","time":"2016-09-13T16:02:07.367Z","v":0}
{"name":"hexo","hostname":"localhost","pid":51180,"level":20,"msg":"Generator: \u001b[35mpage\u001b[39m","time":"2016-09-13T16:02:07.492Z","v":0}
{"name":"hexo","hostname":"localhost","pid":51180,"level":20,"msg":"Generator: \u001b[35mpost\u001b[39m","time":"2016-09-13T16:02:07.492Z","v":0}
{"name":"hexo","hostname":"localhost","pid":51180,"level":20,"msg":"Generator: \u001b[35marchive\u001b[39m","time":"2016-09-13T16:02:07.492Z","v":0}
{"name":"hexo","hostname":"localhost","pid":51180,"level":20,"msg":"Generator: \u001b[35mcategory\u001b[39m","time":"2016-09-13T16:02:07.492Z","v":0}
{"name":"hexo","hostname":"localhost","pid":51180,"level":20,"msg":"Generator: \u001b[35mindex\u001b[39m","time":"2016-09-13T16:02:07.493Z","v":0}
{"name":"hexo","hostname":"localhost","pid":51180,"level":20,"msg":"Generator: \u001b[35mtag\u001b[39m","time":"2016-09-13T16:02:07.493Z","v":0}
{"name":"hexo","hostname":"localhost","pid":51180,"level":20,"msg":"Generator: \u001b[35mjson-content\u001b[39m","time":"2016-09-13T16:02:07.493Z","v":0}
{"name":"hexo","hostname":"localhost","pid":51180,"level":20,"msg":"Generator: \u001b[35masset\u001b[39m","time":"2016-09-13T16:02:07.495Z","v":0}
{"name":"hexo","hostname":"localhost","pid":51180,"level":30,"msg":"Hexo is running at \u001b[4mhttp://localhost:4000/\u001b[24m. Press Ctrl+C to stop.","time":"2016-09-13T16:02:07.503Z","v":0}
{"name":"hexo","hostname":"localhost","pid":51180,"level":20,"msg":"Database saved","time":"2016-09-13T16:02:07.520Z","v":0}
{"name":"hexo","hostname":"localhost","pid":51180,"level":20,"msg":"Rendering post: \u001b[35m2016/09/13/markdown-syntax3/index.html\u001b[39m","time":"2016-09-13T16:02:12.027Z","v":0}
{"name":"hexo","hostname":"localhost","pid":51180,"level":20,"msg":"Theme config loaded.","time":"2016-09-13T16:03:47.232Z","v":0}
{"name":"hexo","hostname":"localhost","pid":51180,"level":20,"msg":"Processed: \u001b[35m_config.yml\u001b[39m","time":"2016-09-13T16:03:47.232Z","v":0}
{"name":"hexo","hostname":"localhost","pid":51180,"level":20,"msg":"Generator: \u001b[35mpage\u001b[39m","time":"2016-09-13T16:03:47.363Z","v":0}
{"name":"hexo","hostname":"localhost","pid":51180,"level":20,"msg":"Generator: \u001b[35mpost\u001b[39m","time":"2016-09-13T16:03:47.364Z","v":0}
{"name":"hexo","hostname":"localhost","pid":51180,"level":20,"msg":"Generator: \u001b[35marchive\u001b[39m","time":"2016-09-13T16:03:47.364Z","v":0}
{"name":"hexo","hostname":"localhost","pid":51180,"level":20,"msg":"Generator: \u001b[35mcategory\u001b[39m","time":"2016-09-13T16:03:47.364Z","v":0}
{"name":"hexo","hostname":"localhost","pid":51180,"level":20,"msg":"Generator: \u001b[35mindex\u001b[39m","time":"2016-09-13T16:03:47.364Z","v":0}
{"name":"hexo","hostname":"localhost","pid":51180,"level":20,"msg":"Generator: \u001b[35mtag\u001b[39m","time":"2016-09-13T16:03:47.364Z","v":0}
{"name":"hexo","hostname":"localhost","pid":51180,"level":20,"msg":"Generator: \u001b[35mjson-content\u001b[39m","time":"2016-09-13T16:03:47.364Z","v":0}
{"name":"hexo","hostname":"localhost","pid":51180,"level":20,"msg":"Generator: \u001b[35masset\u001b[39m","time":"2016-09-13T16:03:47.366Z","v":0}
{"name":"hexo","hostname":"localhost","pid":51180,"level":20,"msg":"Rendering post: \u001b[35m2016/09/13/markdown-syntax3/index.html\u001b[39m","time":"2016-09-13T16:03:48.011Z","v":0}
{"name":"hexo","hostname":"localhost","pid":51180,"level":20,"msg":"Rendering index: \u001b[35mindex.html\u001b[39m","time":"2016-09-13T16:03:52.916Z","v":0}
{"name":"hexo","hostname":"localhost","pid":51180,"level":30,"msg":"Farewell","time":"2016-09-13T16:04:13.670Z","v":0}
{"name":"hexo","hostname":"localhost","pid":51180,"level":20,"msg":"Database saved","time":"2016-09-13T16:04:13.692Z","v":0}
{"name":"hexo","hostname":"localhost","pid":51199,"level":20,"msg":"Hexo version: \u001b[35m3.2.2\u001b[39m","time":"2016-09-13T16:04:15.173Z","v":0}
{"name":"hexo","hostname":"localhost","pid":51199,"level":20,"msg":"Working directory: \u001b[35m~/workspace/blog/\u001b[39m","time":"2016-09-13T16:04:15.176Z","v":0}
{"name":"hexo","hostname":"localhost","pid":51199,"level":20,"msg":"Config loaded: \u001b[35m~/workspace/blog/_config.yml\u001b[39m","time":"2016-09-13T16:04:15.274Z","v":0}
{"name":"hexo","hostname":"localhost","pid":51199,"level":20,"msg":"Plugin loaded: \u001b[35mhexo-deployer-git\u001b[39m","time":"2016-09-13T16:04:15.292Z","v":0}
{"name":"hexo","hostname":"localhost","pid":51199,"level":20,"msg":"Plugin loaded: \u001b[35mhexo-generator-json-content\u001b[39m","time":"2016-09-13T16:04:15.324Z","v":0}
{"name":"hexo","hostname":"localhost","pid":51199,"level":20,"msg":"Plugin loaded: \u001b[35mhexo-generator-index\u001b[39m","time":"2016-09-13T16:04:15.327Z","v":0}
{"name":"hexo","hostname":"localhost","pid":51199,"level":20,"msg":"Plugin loaded: \u001b[35mhexo-generator-archive\u001b[39m","time":"2016-09-13T16:04:15.329Z","v":0}
{"name":"hexo","hostname":"localhost","pid":51199,"level":20,"msg":"Plugin loaded: \u001b[35mhexo-generator-category\u001b[39m","time":"2016-09-13T16:04:15.330Z","v":0}
{"name":"hexo","hostname":"localhost","pid":51199,"level":20,"msg":"Plugin loaded: \u001b[35mhexo-generator-tag\u001b[39m","time":"2016-09-13T16:04:15.331Z","v":0}
{"name":"hexo","hostname":"localhost","pid":51199,"level":20,"msg":"Plugin loaded: \u001b[35mhexo-renderer-ejs\u001b[39m","time":"2016-09-13T16:04:15.333Z","v":0}
{"name":"hexo","hostname":"localhost","pid":51199,"level":20,"msg":"Plugin loaded: \u001b[35mhexo-renderer-stylus\u001b[39m","time":"2016-09-13T16:04:15.335Z","v":0}
{"name":"hexo","hostname":"localhost","pid":51199,"level":20,"msg":"Script loaded: \u001b[35mthemes/next/scripts/merge-configs.js\u001b[39m","time":"2016-09-13T16:04:15.336Z","v":0}
{"name":"hexo","hostname":"localhost","pid":51199,"level":20,"msg":"Script loaded: \u001b[35mthemes/next/scripts/tags/center-quote.js\u001b[39m","time":"2016-09-13T16:04:15.336Z","v":0}
{"name":"hexo","hostname":"localhost","pid":51199,"level":20,"msg":"Script loaded: \u001b[35mthemes/next/scripts/tags/full-image.js\u001b[39m","time":"2016-09-13T16:04:15.337Z","v":0}
{"name":"hexo","hostname":"localhost","pid":51199,"level":20,"msg":"Script loaded: \u001b[35mthemes/next/scripts/tags/group-pictures.js\u001b[39m","time":"2016-09-13T16:04:15.338Z","v":0}
{"name":"hexo","hostname":"localhost","pid":51199,"level":20,"msg":"Plugin loaded: \u001b[35mhexo-renderer-marked\u001b[39m","time":"2016-09-13T16:04:15.343Z","v":0}
{"name":"hexo","hostname":"localhost","pid":51199,"level":20,"msg":"Plugin loaded: \u001b[35mhexo-server\u001b[39m","time":"2016-09-13T16:04:15.403Z","v":0}
{"name":"hexo","hostname":"localhost","pid":51199,"level":20,"msg":"Loading database.","time":"2016-09-13T16:04:15.410Z","v":0}
{"name":"hexo","hostname":"localhost","pid":51199,"level":30,"msg":"Start processing","time":"2016-09-13T16:04:15.503Z","v":0}
{"name":"hexo","hostname":"localhost","pid":51199,"level":20,"msg":"Processed: \u001b[35m_posts/markdown-syntax3.md\u001b[39m","time":"2016-09-13T16:04:15.601Z","v":0}
{"name":"hexo","hostname":"localhost","pid":51199,"level":20,"msg":"Processed: \u001b[35m_posts/markdown-syntax2.md\u001b[39m","time":"2016-09-13T16:04:15.601Z","v":0}
{"name":"hexo","hostname":"localhost","pid":51199,"level":20,"msg":"Processed: \u001b[35m_posts/hello-world.md\u001b[39m","time":"2016-09-13T16:04:15.601Z","v":0}
{"name":"hexo","hostname":"localhost","pid":51199,"level":20,"msg":"Processed: \u001b[35m_posts/markdown-syntax.md\u001b[39m","time":"2016-09-13T16:04:15.602Z","v":0}
{"name":"hexo","hostname":"localhost","pid":51199,"level":20,"msg":"Processed: \u001b[35msource/css/main.styl\u001b[39m","time":"2016-09-13T16:04:15.656Z","v":0}
{"name":"hexo","hostname":"localhost","pid":51199,"level":20,"msg":"Processed: \u001b[35msource/images/avatar.gif\u001b[39m","time":"2016-09-13T16:04:15.656Z","v":0}
{"name":"hexo","hostname":"localhost","pid":51199,"level":20,"msg":"Processed: \u001b[35msource/images/cc-by-nc-nd.svg\u001b[39m","time":"2016-09-13T16:04:15.657Z","v":0}
{"name":"hexo","hostname":"localhost","pid":51199,"level":20,"msg":"Processed: \u001b[35msource/images/cc-by-nc-sa.svg\u001b[39m","time":"2016-09-13T16:04:15.657Z","v":0}
{"name":"hexo","hostname":"localhost","pid":51199,"level":20,"msg":"Processed: \u001b[35msource/images/cc-by-nc.svg\u001b[39m","time":"2016-09-13T16:04:15.657Z","v":0}
{"name":"hexo","hostname":"localhost","pid":51199,"level":20,"msg":"Processed: \u001b[35msource/images/cc-by-nd.svg\u001b[39m","time":"2016-09-13T16:04:15.658Z","v":0}
{"name":"hexo","hostname":"localhost","pid":51199,"level":20,"msg":"Processed: \u001b[35msource/images/cc-by-sa.svg\u001b[39m","time":"2016-09-13T16:04:15.658Z","v":0}
{"name":"hexo","hostname":"localhost","pid":51199,"level":20,"msg":"Processed: \u001b[35msource/images/cc-by.svg\u001b[39m","time":"2016-09-13T16:04:15.658Z","v":0}
{"name":"hexo","hostname":"localhost","pid":51199,"level":20,"msg":"Processed: \u001b[35msource/images/cc-zero.svg\u001b[39m","time":"2016-09-13T16:04:15.658Z","v":0}
{"name":"hexo","hostname":"localhost","pid":51199,"level":20,"msg":"Processed: \u001b[35msource/images/loading.gif\u001b[39m","time":"2016-09-13T16:04:15.658Z","v":0}
{"name":"hexo","hostname":"localhost","pid":51199,"level":20,"msg":"Processed: \u001b[35msource/images/placeholder.gif\u001b[39m","time":"2016-09-13T16:04:15.658Z","v":0}
{"name":"hexo","hostname":"localhost","pid":51199,"level":20,"msg":"Processed: \u001b[35msource/images/quote-l.svg\u001b[39m","time":"2016-09-13T16:04:15.659Z","v":0}
{"name":"hexo","hostname":"localhost","pid":51199,"level":20,"msg":"Processed: \u001b[35msource/images/searchicon.png\u001b[39m","time":"2016-09-13T16:04:15.659Z","v":0}
{"name":"hexo","hostname":"localhost","pid":51199,"level":20,"msg":"Processed: \u001b[35msource/images/quote-r.svg\u001b[39m","time":"2016-09-13T16:04:15.659Z","v":0}
{"name":"hexo","hostname":"localhost","pid":51199,"level":20,"msg":"Theme config loaded.","time":"2016-09-13T16:04:15.686Z","v":0}
{"name":"hexo","hostname":"localhost","pid":51199,"level":20,"msg":"Processed: \u001b[35m_config.yml\u001b[39m","time":"2016-09-13T16:04:15.687Z","v":0}
{"name":"hexo","hostname":"localhost","pid":51199,"level":20,"msg":"Processed: \u001b[35mlayout/_layout.swig\u001b[39m","time":"2016-09-13T16:04:15.808Z","v":0}
{"name":"hexo","hostname":"localhost","pid":51199,"level":20,"msg":"Processed: \u001b[35mlayout/archive.swig\u001b[39m","time":"2016-09-13T16:04:15.808Z","v":0}
{"name":"hexo","hostname":"localhost","pid":51199,"level":20,"msg":"Processed: \u001b[35mlayout/index.swig\u001b[39m","time":"2016-09-13T16:04:15.808Z","v":0}
{"name":"hexo","hostname":"localhost","pid":51199,"level":20,"msg":"Processed: \u001b[35mlayout/category.swig\u001b[39m","time":"2016-09-13T16:04:15.808Z","v":0}
{"name":"hexo","hostname":"localhost","pid":51199,"level":20,"msg":"Processed: \u001b[35mlayout/page.swig\u001b[39m","time":"2016-09-13T16:04:15.808Z","v":0}
{"name":"hexo","hostname":"localhost","pid":51199,"level":20,"msg":"Processed: \u001b[35mlayout/post.swig\u001b[39m","time":"2016-09-13T16:04:15.809Z","v":0}
{"name":"hexo","hostname":"localhost","pid":51199,"level":20,"msg":"Processed: \u001b[35mlayout/tag.swig\u001b[39m","time":"2016-09-13T16:04:15.809Z","v":0}
{"name":"hexo","hostname":"localhost","pid":51199,"level":20,"msg":"Processed: \u001b[35mlanguages/de.yml\u001b[39m","time":"2016-09-13T16:04:15.816Z","v":0}
{"name":"hexo","hostname":"localhost","pid":51199,"level":20,"msg":"Processed: \u001b[35mlanguages/en.yml\u001b[39m","time":"2016-09-13T16:04:15.816Z","v":0}
{"name":"hexo","hostname":"localhost","pid":51199,"level":20,"msg":"Processed: \u001b[35mlanguages/default.yml\u001b[39m","time":"2016-09-13T16:04:15.816Z","v":0}
{"name":"hexo","hostname":"localhost","pid":51199,"level":20,"msg":"Processed: \u001b[35mlanguages/fr-FR.yml\u001b[39m","time":"2016-09-13T16:04:15.816Z","v":0}
{"name":"hexo","hostname":"localhost","pid":51199,"level":20,"msg":"Processed: \u001b[35mlanguages/id.yml\u001b[39m","time":"2016-09-13T16:04:15.816Z","v":0}
{"name":"hexo","hostname":"localhost","pid":51199,"level":20,"msg":"Processed: \u001b[35mlanguages/ja.yml\u001b[39m","time":"2016-09-13T16:04:15.816Z","v":0}
{"name":"hexo","hostname":"localhost","pid":51199,"level":20,"msg":"Processed: \u001b[35mlanguages/ko.yml\u001b[39m","time":"2016-09-13T16:04:15.816Z","v":0}
{"name":"hexo","hostname":"localhost","pid":51199,"level":20,"msg":"Processed: \u001b[35mlanguages/pt-BR.yml\u001b[39m","time":"2016-09-13T16:04:15.817Z","v":0}
{"name":"hexo","hostname":"localhost","pid":51199,"level":20,"msg":"Processed: \u001b[35mlanguages/pt.yml\u001b[39m","time":"2016-09-13T16:04:15.817Z","v":0}
{"name":"hexo","hostname":"localhost","pid":51199,"level":20,"msg":"Processed: \u001b[35mlanguages/zh-Hans.yml\u001b[39m","time":"2016-09-13T16:04:15.817Z","v":0}
{"name":"hexo","hostname":"localhost","pid":51199,"level":20,"msg":"Processed: \u001b[35mlanguages/ru.yml\u001b[39m","time":"2016-09-13T16:04:15.817Z","v":0}
{"name":"hexo","hostname":"localhost","pid":51199,"level":20,"msg":"Processed: \u001b[35mlanguages/zh-hk.yml\u001b[39m","time":"2016-09-13T16:04:15.817Z","v":0}
{"name":"hexo","hostname":"localhost","pid":51199,"level":20,"msg":"Processed: \u001b[35mlanguages/zh-tw.yml\u001b[39m","time":"2016-09-13T16:04:15.817Z","v":0}
{"name":"hexo","hostname":"localhost","pid":51199,"level":20,"msg":"Processed: \u001b[35msource/js/src/affix.js\u001b[39m","time":"2016-09-13T16:04:15.817Z","v":0}
{"name":"hexo","hostname":"localhost","pid":51199,"level":20,"msg":"Processed: \u001b[35msource/js/src/bootstrap.js\u001b[39m","time":"2016-09-13T16:04:15.817Z","v":0}
{"name":"hexo","hostname":"localhost","pid":51199,"level":20,"msg":"Processed: \u001b[35msource/js/src/hook-duoshuo.js\u001b[39m","time":"2016-09-13T16:04:15.817Z","v":0}
{"name":"hexo","hostname":"localhost","pid":51199,"level":20,"msg":"Processed: \u001b[35msource/js/src/motion.js\u001b[39m","time":"2016-09-13T16:04:15.818Z","v":0}
{"name":"hexo","hostname":"localhost","pid":51199,"level":20,"msg":"Processed: \u001b[35msource/js/src/post-details.js\u001b[39m","time":"2016-09-13T16:04:15.818Z","v":0}
{"name":"hexo","hostname":"localhost","pid":51199,"level":20,"msg":"Processed: \u001b[35msource/js/src/scrollspy.js\u001b[39m","time":"2016-09-13T16:04:15.842Z","v":0}
{"name":"hexo","hostname":"localhost","pid":51199,"level":20,"msg":"Processed: \u001b[35msource/js/src/utils.js\u001b[39m","time":"2016-09-13T16:04:15.842Z","v":0}
{"name":"hexo","hostname":"localhost","pid":51199,"level":20,"msg":"Processed: \u001b[35msource/vendors/fastclick/LICENSE\u001b[39m","time":"2016-09-13T16:04:15.842Z","v":0}
{"name":"hexo","hostname":"localhost","pid":51199,"level":20,"msg":"Processed: \u001b[35msource/vendors/fastclick/README.md\u001b[39m","time":"2016-09-13T16:04:15.842Z","v":0}
{"name":"hexo","hostname":"localhost","pid":51199,"level":20,"msg":"Processed: \u001b[35msource/vendors/fastclick/bower.json\u001b[39m","time":"2016-09-13T16:04:15.843Z","v":0}
{"name":"hexo","hostname":"localhost","pid":51199,"level":20,"msg":"Processed: \u001b[35msource/vendors/font-awesome/HELP-US-OUT.txt\u001b[39m","time":"2016-09-13T16:04:15.844Z","v":0}
{"name":"hexo","hostname":"localhost","pid":51199,"level":20,"msg":"Processed: \u001b[35msource/vendors/font-awesome/bower.json\u001b[39m","time":"2016-09-13T16:04:15.844Z","v":0}
{"name":"hexo","hostname":"localhost","pid":51199,"level":20,"msg":"Processed: \u001b[35msource/vendors/jquery_lazyload/CONTRIBUTING.md\u001b[39m","time":"2016-09-13T16:04:15.845Z","v":0}
{"name":"hexo","hostname":"localhost","pid":51199,"level":20,"msg":"Processed: \u001b[35msource/vendors/jquery_lazyload/README.md\u001b[39m","time":"2016-09-13T16:04:15.845Z","v":0}
{"name":"hexo","hostname":"localhost","pid":51199,"level":20,"msg":"Processed: \u001b[35msource/vendors/jquery_lazyload/bower.json\u001b[39m","time":"2016-09-13T16:04:15.845Z","v":0}
{"name":"hexo","hostname":"localhost","pid":51199,"level":20,"msg":"Processed: \u001b[35msource/vendors/jquery_lazyload/jquery.lazyload.js\u001b[39m","time":"2016-09-13T16:04:15.845Z","v":0}
{"name":"hexo","hostname":"localhost","pid":51199,"level":20,"msg":"Processed: \u001b[35msource/vendors/jquery_lazyload/jquery.scrollstop.js\u001b[39m","time":"2016-09-13T16:04:15.846Z","v":0}
{"name":"hexo","hostname":"localhost","pid":51199,"level":20,"msg":"Processed: \u001b[35msource/vendors/velocity/bower.json\u001b[39m","time":"2016-09-13T16:04:15.877Z","v":0}
{"name":"hexo","hostname":"localhost","pid":51199,"level":20,"msg":"Processed: \u001b[35msource/vendors/velocity/velocity.min.js\u001b[39m","time":"2016-09-13T16:04:15.878Z","v":0}
{"name":"hexo","hostname":"localhost","pid":51199,"level":20,"msg":"Processed: \u001b[35msource/vendors/velocity/velocity.ui.min.js\u001b[39m","time":"2016-09-13T16:04:15.878Z","v":0}
{"name":"hexo","hostname":"localhost","pid":51199,"level":20,"msg":"Processed: \u001b[35msource/vendors/velocity/velocity.ui.js\u001b[39m","time":"2016-09-13T16:04:15.878Z","v":0}
{"name":"hexo","hostname":"localhost","pid":51199,"level":20,"msg":"Processed: \u001b[35msource/vendors/jquery/index.js\u001b[39m","time":"2016-09-13T16:04:15.892Z","v":0}
{"name":"hexo","hostname":"localhost","pid":51199,"level":20,"msg":"Processed: \u001b[35mlayout/_macro/post.swig\u001b[39m","time":"2016-09-13T16:04:15.934Z","v":0}
{"name":"hexo","hostname":"localhost","pid":51199,"level":20,"msg":"Processed: \u001b[35mlayout/_macro/post-collapse.swig\u001b[39m","time":"2016-09-13T16:04:15.935Z","v":0}
{"name":"hexo","hostname":"localhost","pid":51199,"level":20,"msg":"Processed: \u001b[35mlayout/_macro/reward.swig\u001b[39m","time":"2016-09-13T16:04:15.935Z","v":0}
{"name":"hexo","hostname":"localhost","pid":51199,"level":20,"msg":"Processed: \u001b[35mlayout/_macro/wechat-subscriber.swig\u001b[39m","time":"2016-09-13T16:04:15.935Z","v":0}
{"name":"hexo","hostname":"localhost","pid":51199,"level":20,"msg":"Processed: \u001b[35mlayout/_macro/sidebar.swig\u001b[39m","time":"2016-09-13T16:04:15.935Z","v":0}
{"name":"hexo","hostname":"localhost","pid":51199,"level":20,"msg":"Processed: \u001b[35mlayout/_partials/comments.swig\u001b[39m","time":"2016-09-13T16:04:15.935Z","v":0}
{"name":"hexo","hostname":"localhost","pid":51199,"level":20,"msg":"Processed: \u001b[35mlayout/_partials/footer.swig\u001b[39m","time":"2016-09-13T16:04:15.935Z","v":0}
{"name":"hexo","hostname":"localhost","pid":51199,"level":20,"msg":"Processed: \u001b[35mlayout/_partials/duoshuo-hot-articles.swig\u001b[39m","time":"2016-09-13T16:04:15.935Z","v":0}
{"name":"hexo","hostname":"localhost","pid":51199,"level":20,"msg":"Processed: \u001b[35mlayout/_partials/head.swig\u001b[39m","time":"2016-09-13T16:04:15.935Z","v":0}
{"name":"hexo","hostname":"localhost","pid":51199,"level":20,"msg":"Processed: \u001b[35mlayout/_partials/header.swig\u001b[39m","time":"2016-09-13T16:04:15.935Z","v":0}
{"name":"hexo","hostname":"localhost","pid":51199,"level":20,"msg":"Processed: \u001b[35mlayout/_partials/pagination.swig\u001b[39m","time":"2016-09-13T16:04:15.935Z","v":0}
{"name":"hexo","hostname":"localhost","pid":51199,"level":20,"msg":"Processed: \u001b[35mlayout/_scripts/baidu-push.swig\u001b[39m","time":"2016-09-13T16:04:15.935Z","v":0}
{"name":"hexo","hostname":"localhost","pid":51199,"level":20,"msg":"Processed: \u001b[35mlayout/_partials/search.swig\u001b[39m","time":"2016-09-13T16:04:15.935Z","v":0}
{"name":"hexo","hostname":"localhost","pid":51199,"level":20,"msg":"Processed: \u001b[35mlayout/_scripts/boostrap.swig\u001b[39m","time":"2016-09-13T16:04:15.935Z","v":0}
{"name":"hexo","hostname":"localhost","pid":51199,"level":20,"msg":"Processed: \u001b[35mlayout/_scripts/commons.swig\u001b[39m","time":"2016-09-13T16:04:15.935Z","v":0}
{"name":"hexo","hostname":"localhost","pid":51199,"level":20,"msg":"Processed: \u001b[35mlayout/_scripts/vendors.swig\u001b[39m","time":"2016-09-13T16:04:15.935Z","v":0}
{"name":"hexo","hostname":"localhost","pid":51199,"level":20,"msg":"Processed: \u001b[35msource/js/src/schemes/pisces.js\u001b[39m","time":"2016-09-13T16:04:15.940Z","v":0}
{"name":"hexo","hostname":"localhost","pid":51199,"level":20,"msg":"Processed: \u001b[35msource/vendors/fancybox/source/blank.gif\u001b[39m","time":"2016-09-13T16:04:15.942Z","v":0}
{"name":"hexo","hostname":"localhost","pid":51199,"level":20,"msg":"Processed: \u001b[35msource/vendors/fancybox/source/fancybox_loading.gif\u001b[39m","time":"2016-09-13T16:04:15.942Z","v":0}
{"name":"hexo","hostname":"localhost","pid":51199,"level":20,"msg":"Processed: \u001b[35msource/vendors/fancybox/source/fancybox_loading@2x.gif\u001b[39m","time":"2016-09-13T16:04:15.942Z","v":0}
{"name":"hexo","hostname":"localhost","pid":51199,"level":20,"msg":"Processed: \u001b[35msource/vendors/fancybox/source/fancybox_overlay.png\u001b[39m","time":"2016-09-13T16:04:15.942Z","v":0}
{"name":"hexo","hostname":"localhost","pid":51199,"level":20,"msg":"Processed: \u001b[35msource/vendors/fancybox/source/fancybox_sprite.png\u001b[39m","time":"2016-09-13T16:04:15.943Z","v":0}
{"name":"hexo","hostname":"localhost","pid":51199,"level":20,"msg":"Processed: \u001b[35msource/vendors/fancybox/source/fancybox_sprite@2x.png\u001b[39m","time":"2016-09-13T16:04:15.943Z","v":0}
{"name":"hexo","hostname":"localhost","pid":51199,"level":20,"msg":"Processed: \u001b[35msource/vendors/fancybox/source/jquery.fancybox.css\u001b[39m","time":"2016-09-13T16:04:15.943Z","v":0}
{"name":"hexo","hostname":"localhost","pid":51199,"level":20,"msg":"Processed: \u001b[35msource/vendors/fancybox/source/jquery.fancybox.pack.js\u001b[39m","time":"2016-09-13T16:04:15.943Z","v":0}
{"name":"hexo","hostname":"localhost","pid":51199,"level":20,"msg":"Processed: \u001b[35msource/vendors/fancybox/source/jquery.fancybox.js\u001b[39m","time":"2016-09-13T16:04:15.943Z","v":0}
{"name":"hexo","hostname":"localhost","pid":51199,"level":20,"msg":"Processed: \u001b[35msource/vendors/fastclick/lib/fastclick.min.js\u001b[39m","time":"2016-09-13T16:04:15.943Z","v":0}
{"name":"hexo","hostname":"localhost","pid":51199,"level":20,"msg":"Processed: \u001b[35msource/vendors/fastclick/lib/fastclick.js\u001b[39m","time":"2016-09-13T16:04:15.944Z","v":0}
{"name":"hexo","hostname":"localhost","pid":51199,"level":20,"msg":"Processed: \u001b[35msource/vendors/font-awesome/css/font-awesome.css\u001b[39m","time":"2016-09-13T16:04:15.944Z","v":0}
{"name":"hexo","hostname":"localhost","pid":51199,"level":20,"msg":"Processed: \u001b[35msource/vendors/font-awesome/css/font-awesome.min.css\u001b[39m","time":"2016-09-13T16:04:15.979Z","v":0}
{"name":"hexo","hostname":"localhost","pid":51199,"level":20,"msg":"Processed: \u001b[35msource/vendors/font-awesome/css/font-awesome.css.map\u001b[39m","time":"2016-09-13T16:04:15.979Z","v":0}
{"name":"hexo","hostname":"localhost","pid":51199,"level":20,"msg":"Processed: \u001b[35msource/vendors/font-awesome/fonts/fontawesome-webfont.woff2\u001b[39m","time":"2016-09-13T16:04:15.979Z","v":0}
{"name":"hexo","hostname":"localhost","pid":51199,"level":20,"msg":"Processed: \u001b[35msource/vendors/ua-parser-js/dist/ua-parser.min.js\u001b[39m","time":"2016-09-13T16:04:15.980Z","v":0}
{"name":"hexo","hostname":"localhost","pid":51199,"level":20,"msg":"Processed: \u001b[35msource/vendors/ua-parser-js/dist/ua-parser.pack.js\u001b[39m","time":"2016-09-13T16:04:15.980Z","v":0}
{"name":"hexo","hostname":"localhost","pid":51199,"level":20,"msg":"Processed: \u001b[35mlayout/_scripts/schemes/mist.swig\u001b[39m","time":"2016-09-13T16:04:15.984Z","v":0}
{"name":"hexo","hostname":"localhost","pid":51199,"level":20,"msg":"Processed: \u001b[35mlayout/_scripts/schemes/muse.swig\u001b[39m","time":"2016-09-13T16:04:15.984Z","v":0}
{"name":"hexo","hostname":"localhost","pid":51199,"level":20,"msg":"Processed: \u001b[35msource/vendors/font-awesome/fonts/fontawesome-webfont.eot\u001b[39m","time":"2016-09-13T16:04:15.985Z","v":0}
{"name":"hexo","hostname":"localhost","pid":51199,"level":20,"msg":"Processed: \u001b[35msource/vendors/font-awesome/fonts/FontAwesome.otf\u001b[39m","time":"2016-09-13T16:04:15.985Z","v":0}
{"name":"hexo","hostname":"localhost","pid":51199,"level":20,"msg":"Processed: \u001b[35msource/vendors/font-awesome/fonts/fontawesome-webfont.woff\u001b[39m","time":"2016-09-13T16:04:15.985Z","v":0}
{"name":"hexo","hostname":"localhost","pid":51199,"level":20,"msg":"Processed: \u001b[35msource/vendors/velocity/velocity.js\u001b[39m","time":"2016-09-13T16:04:15.985Z","v":0}
{"name":"hexo","hostname":"localhost","pid":51199,"level":20,"msg":"Processed: \u001b[35mlayout/_partials/head/external-fonts.swig\u001b[39m","time":"2016-09-13T16:04:15.998Z","v":0}
{"name":"hexo","hostname":"localhost","pid":51199,"level":20,"msg":"Processed: \u001b[35mlayout/_partials/search/localsearch.swig\u001b[39m","time":"2016-09-13T16:04:16.017Z","v":0}
{"name":"hexo","hostname":"localhost","pid":51199,"level":20,"msg":"Processed: \u001b[35mlayout/_partials/search/tinysou.swig\u001b[39m","time":"2016-09-13T16:04:16.017Z","v":0}
{"name":"hexo","hostname":"localhost","pid":51199,"level":20,"msg":"Processed: \u001b[35mlayout/_partials/share/add-this.swig\u001b[39m","time":"2016-09-13T16:04:16.017Z","v":0}
{"name":"hexo","hostname":"localhost","pid":51199,"level":20,"msg":"Processed: \u001b[35mlayout/_partials/search/swiftype.swig\u001b[39m","time":"2016-09-13T16:04:16.017Z","v":0}
{"name":"hexo","hostname":"localhost","pid":51199,"level":20,"msg":"Processed: \u001b[35mlayout/_partials/share/duoshuo_share.swig\u001b[39m","time":"2016-09-13T16:04:16.017Z","v":0}
{"name":"hexo","hostname":"localhost","pid":51199,"level":20,"msg":"Processed: \u001b[35mlayout/_partials/share/baidushare.swig\u001b[39m","time":"2016-09-13T16:04:16.017Z","v":0}
{"name":"hexo","hostname":"localhost","pid":51199,"level":20,"msg":"Processed: \u001b[35mlayout/_partials/share/jiathis.swig\u001b[39m","time":"2016-09-13T16:04:16.017Z","v":0}
{"name":"hexo","hostname":"localhost","pid":51199,"level":20,"msg":"Processed: \u001b[35mlayout/_scripts/pages/post-details.swig\u001b[39m","time":"2016-09-13T16:04:16.017Z","v":0}
{"name":"hexo","hostname":"localhost","pid":51199,"level":20,"msg":"Processed: \u001b[35mlayout/_scripts/schemes/pisces.swig\u001b[39m","time":"2016-09-13T16:04:16.017Z","v":0}
{"name":"hexo","hostname":"localhost","pid":51199,"level":20,"msg":"Processed: \u001b[35mlayout/_scripts/third-party/analytics.swig\u001b[39m","time":"2016-09-13T16:04:16.017Z","v":0}
{"name":"hexo","hostname":"localhost","pid":51199,"level":20,"msg":"Processed: \u001b[35mlayout/_scripts/third-party/comments.swig\u001b[39m","time":"2016-09-13T16:04:16.018Z","v":0}
{"name":"hexo","hostname":"localhost","pid":51199,"level":20,"msg":"Processed: \u001b[35mlayout/_scripts/third-party/lean-analytics.swig\u001b[39m","time":"2016-09-13T16:04:16.018Z","v":0}
{"name":"hexo","hostname":"localhost","pid":51199,"level":20,"msg":"Processed: \u001b[35mlayout/_scripts/third-party/tinysou.swig\u001b[39m","time":"2016-09-13T16:04:16.018Z","v":0}
{"name":"hexo","hostname":"localhost","pid":51199,"level":20,"msg":"Processed: \u001b[35mlayout/_scripts/third-party/localsearch.swig\u001b[39m","time":"2016-09-13T16:04:16.018Z","v":0}
{"name":"hexo","hostname":"localhost","pid":51199,"level":20,"msg":"Processed: \u001b[35mlayout/_scripts/third-party/mathjax.swig\u001b[39m","time":"2016-09-13T16:04:16.018Z","v":0}
{"name":"hexo","hostname":"localhost","pid":51199,"level":20,"msg":"Processed: \u001b[35msource/vendors/fancybox/source/helpers/fancybox_buttons.png\u001b[39m","time":"2016-09-13T16:04:16.020Z","v":0}
{"name":"hexo","hostname":"localhost","pid":51199,"level":20,"msg":"Processed: \u001b[35msource/vendors/fancybox/source/helpers/jquery.fancybox-buttons.css\u001b[39m","time":"2016-09-13T16:04:16.051Z","v":0}
{"name":"hexo","hostname":"localhost","pid":51199,"level":20,"msg":"Processed: \u001b[35msource/vendors/fancybox/source/helpers/jquery.fancybox-buttons.js\u001b[39m","time":"2016-09-13T16:04:16.051Z","v":0}
{"name":"hexo","hostname":"localhost","pid":51199,"level":20,"msg":"Processed: \u001b[35msource/vendors/fancybox/source/helpers/jquery.fancybox-media.js\u001b[39m","time":"2016-09-13T16:04:16.051Z","v":0}
{"name":"hexo","hostname":"localhost","pid":51199,"level":20,"msg":"Processed: \u001b[35msource/vendors/fancybox/source/helpers/jquery.fancybox-thumbs.css\u001b[39m","time":"2016-09-13T16:04:16.052Z","v":0}
{"name":"hexo","hostname":"localhost","pid":51199,"level":20,"msg":"Processed: \u001b[35msource/vendors/fancybox/source/helpers/jquery.fancybox-thumbs.js\u001b[39m","time":"2016-09-13T16:04:16.052Z","v":0}
{"name":"hexo","hostname":"localhost","pid":51199,"level":20,"msg":"Processed: \u001b[35msource/vendors/font-awesome/fonts/fontawesome-webfont.ttf\u001b[39m","time":"2016-09-13T16:04:16.053Z","v":0}
{"name":"hexo","hostname":"localhost","pid":51199,"level":20,"msg":"Processed: \u001b[35mlayout/_scripts/third-party/analytics/busuanzi-counter.swig\u001b[39m","time":"2016-09-13T16:04:16.057Z","v":0}
{"name":"hexo","hostname":"localhost","pid":51199,"level":20,"msg":"Processed: \u001b[35mlayout/_scripts/third-party/analytics/baidu-analytics.swig\u001b[39m","time":"2016-09-13T16:04:16.057Z","v":0}
{"name":"hexo","hostname":"localhost","pid":51199,"level":20,"msg":"Processed: \u001b[35mlayout/_scripts/third-party/analytics/facebook-sdk.swig\u001b[39m","time":"2016-09-13T16:04:16.057Z","v":0}
{"name":"hexo","hostname":"localhost","pid":51199,"level":20,"msg":"Processed: \u001b[35mlayout/_scripts/third-party/analytics/cnzz-analytics.swig\u001b[39m","time":"2016-09-13T16:04:16.057Z","v":0}
{"name":"hexo","hostname":"localhost","pid":51199,"level":20,"msg":"Processed: \u001b[35mlayout/_scripts/third-party/analytics/google-analytics.swig\u001b[39m","time":"2016-09-13T16:04:16.057Z","v":0}
{"name":"hexo","hostname":"localhost","pid":51199,"level":20,"msg":"Processed: \u001b[35mlayout/_scripts/third-party/analytics/tencent-analytics.swig\u001b[39m","time":"2016-09-13T16:04:16.061Z","v":0}
{"name":"hexo","hostname":"localhost","pid":51199,"level":20,"msg":"Processed: \u001b[35mlayout/_scripts/third-party/comments/disqus.swig\u001b[39m","time":"2016-09-13T16:04:16.061Z","v":0}
{"name":"hexo","hostname":"localhost","pid":51199,"level":20,"msg":"Processed: \u001b[35mlayout/_scripts/third-party/comments/duoshuo.swig\u001b[39m","time":"2016-09-13T16:04:16.061Z","v":0}
{"name":"hexo","hostname":"localhost","pid":51199,"level":20,"msg":"Processed: \u001b[35msource/vendors/font-awesome/fonts/fontawesome-webfont.svg\u001b[39m","time":"2016-09-13T16:04:16.062Z","v":0}
{"name":"hexo","hostname":"localhost","pid":51199,"level":20,"msg":"Generator: \u001b[35mpage\u001b[39m","time":"2016-09-13T16:04:16.188Z","v":0}
{"name":"hexo","hostname":"localhost","pid":51199,"level":20,"msg":"Generator: \u001b[35mpost\u001b[39m","time":"2016-09-13T16:04:16.189Z","v":0}
{"name":"hexo","hostname":"localhost","pid":51199,"level":20,"msg":"Generator: \u001b[35mjson-content\u001b[39m","time":"2016-09-13T16:04:16.189Z","v":0}
{"name":"hexo","hostname":"localhost","pid":51199,"level":20,"msg":"Generator: \u001b[35mindex\u001b[39m","time":"2016-09-13T16:04:16.189Z","v":0}
{"name":"hexo","hostname":"localhost","pid":51199,"level":20,"msg":"Generator: \u001b[35marchive\u001b[39m","time":"2016-09-13T16:04:16.189Z","v":0}
{"name":"hexo","hostname":"localhost","pid":51199,"level":20,"msg":"Generator: \u001b[35mcategory\u001b[39m","time":"2016-09-13T16:04:16.189Z","v":0}
{"name":"hexo","hostname":"localhost","pid":51199,"level":20,"msg":"Generator: \u001b[35mtag\u001b[39m","time":"2016-09-13T16:04:16.189Z","v":0}
{"name":"hexo","hostname":"localhost","pid":51199,"level":20,"msg":"Generator: \u001b[35masset\u001b[39m","time":"2016-09-13T16:04:16.191Z","v":0}
{"name":"hexo","hostname":"localhost","pid":51199,"level":30,"msg":"Hexo is running at \u001b[4mhttp://localhost:4000/\u001b[24m. Press Ctrl+C to stop.","time":"2016-09-13T16:04:16.199Z","v":0}
{"name":"hexo","hostname":"localhost","pid":51199,"level":20,"msg":"Database saved","time":"2016-09-13T16:04:16.215Z","v":0}
{"name":"hexo","hostname":"localhost","pid":51199,"level":20,"msg":"Rendering index: \u001b[35mindex.html\u001b[39m","time":"2016-09-13T16:04:17.325Z","v":0}
{"name":"hexo","hostname":"localhost","pid":51199,"level":20,"msg":"Rendering post: \u001b[35m2016/09/13/markdown-syntax3/index.html\u001b[39m","time":"2016-09-13T16:04:28.083Z","v":0}
{"name":"hexo","hostname":"localhost","pid":51199,"level":20,"msg":"Theme config loaded.","time":"2016-09-13T16:04:57.726Z","v":0}
{"name":"hexo","hostname":"localhost","pid":51199,"level":20,"msg":"Processed: \u001b[35m_config.yml\u001b[39m","time":"2016-09-13T16:04:57.726Z","v":0}
{"name":"hexo","hostname":"localhost","pid":51199,"level":20,"msg":"Generator: \u001b[35mpage\u001b[39m","time":"2016-09-13T16:04:57.851Z","v":0}
{"name":"hexo","hostname":"localhost","pid":51199,"level":20,"msg":"Generator: \u001b[35mpost\u001b[39m","time":"2016-09-13T16:04:57.851Z","v":0}
{"name":"hexo","hostname":"localhost","pid":51199,"level":20,"msg":"Generator: \u001b[35mjson-content\u001b[39m","time":"2016-09-13T16:04:57.852Z","v":0}
{"name":"hexo","hostname":"localhost","pid":51199,"level":20,"msg":"Generator: \u001b[35mindex\u001b[39m","time":"2016-09-13T16:04:57.853Z","v":0}
{"name":"hexo","hostname":"localhost","pid":51199,"level":20,"msg":"Generator: \u001b[35marchive\u001b[39m","time":"2016-09-13T16:04:57.853Z","v":0}
{"name":"hexo","hostname":"localhost","pid":51199,"level":20,"msg":"Generator: \u001b[35mcategory\u001b[39m","time":"2016-09-13T16:04:57.853Z","v":0}
{"name":"hexo","hostname":"localhost","pid":51199,"level":20,"msg":"Generator: \u001b[35mtag\u001b[39m","time":"2016-09-13T16:04:57.853Z","v":0}
{"name":"hexo","hostname":"localhost","pid":51199,"level":20,"msg":"Generator: \u001b[35masset\u001b[39m","time":"2016-09-13T16:04:57.859Z","v":0}
{"name":"hexo","hostname":"localhost","pid":51199,"level":20,"msg":"Rendering post: \u001b[35m2016/09/13/markdown-syntax3/index.html\u001b[39m","time":"2016-09-13T16:04:58.543Z","v":0}
{"name":"hexo","hostname":"localhost","pid":51199,"level":20,"msg":"Theme config loaded.","time":"2016-09-13T16:07:20.783Z","v":0}
{"name":"hexo","hostname":"localhost","pid":51199,"level":20,"msg":"Processed: \u001b[35m_config.yml\u001b[39m","time":"2016-09-13T16:07:20.783Z","v":0}
{"name":"hexo","hostname":"localhost","pid":51199,"level":20,"msg":"Generator: \u001b[35mpage\u001b[39m","time":"2016-09-13T16:07:20.904Z","v":0}
{"name":"hexo","hostname":"localhost","pid":51199,"level":20,"msg":"Generator: \u001b[35mpost\u001b[39m","time":"2016-09-13T16:07:20.905Z","v":0}
{"name":"hexo","hostname":"localhost","pid":51199,"level":20,"msg":"Generator: \u001b[35mjson-content\u001b[39m","time":"2016-09-13T16:07:20.905Z","v":0}
{"name":"hexo","hostname":"localhost","pid":51199,"level":20,"msg":"Generator: \u001b[35mindex\u001b[39m","time":"2016-09-13T16:07:20.905Z","v":0}
{"name":"hexo","hostname":"localhost","pid":51199,"level":20,"msg":"Generator: \u001b[35marchive\u001b[39m","time":"2016-09-13T16:07:20.905Z","v":0}
{"name":"hexo","hostname":"localhost","pid":51199,"level":20,"msg":"Generator: \u001b[35mcategory\u001b[39m","time":"2016-09-13T16:07:20.905Z","v":0}
{"name":"hexo","hostname":"localhost","pid":51199,"level":20,"msg":"Generator: \u001b[35mtag\u001b[39m","time":"2016-09-13T16:07:20.905Z","v":0}
{"name":"hexo","hostname":"localhost","pid":51199,"level":20,"msg":"Generator: \u001b[35masset\u001b[39m","time":"2016-09-13T16:07:20.908Z","v":0}
{"name":"hexo","hostname":"localhost","pid":51199,"level":20,"msg":"Generator: \u001b[35mpage\u001b[39m","time":"2016-09-13T16:07:38.367Z","v":0}
{"name":"hexo","hostname":"localhost","pid":51199,"level":20,"msg":"Generator: \u001b[35mpost\u001b[39m","time":"2016-09-13T16:07:38.367Z","v":0}
{"name":"hexo","hostname":"localhost","pid":51199,"level":20,"msg":"Generator: \u001b[35mjson-content\u001b[39m","time":"2016-09-13T16:07:38.367Z","v":0}
{"name":"hexo","hostname":"localhost","pid":51199,"level":20,"msg":"Generator: \u001b[35mindex\u001b[39m","time":"2016-09-13T16:07:38.367Z","v":0}
{"name":"hexo","hostname":"localhost","pid":51199,"level":20,"msg":"Generator: \u001b[35marchive\u001b[39m","time":"2016-09-13T16:07:38.367Z","v":0}
{"name":"hexo","hostname":"localhost","pid":51199,"level":20,"msg":"Generator: \u001b[35mcategory\u001b[39m","time":"2016-09-13T16:07:38.367Z","v":0}
{"name":"hexo","hostname":"localhost","pid":51199,"level":20,"msg":"Generator: \u001b[35mtag\u001b[39m","time":"2016-09-13T16:07:38.368Z","v":0}
{"name":"hexo","hostname":"localhost","pid":51199,"level":20,"msg":"Generator: \u001b[35masset\u001b[39m","time":"2016-09-13T16:07:38.369Z","v":0}
{"name":"hexo","hostname":"localhost","pid":51199,"level":30,"msg":"Have a nice day","time":"2016-09-13T16:09:08.347Z","v":0}
{"name":"hexo","hostname":"localhost","pid":51199,"level":20,"msg":"Database saved","time":"2016-09-13T16:09:08.367Z","v":0}
